mode: set
github.com/valkey-io/valkey-go/binary.go:17.37,19.2 1 1
github.com/valkey-io/valkey-go/binary.go:26.41,28.22 2 1
github.com/valkey-io/valkey-go/binary.go:28.22,31.3 2 1
github.com/valkey-io/valkey-go/binary.go:32.2,32.24 1 1
github.com/valkey-io/valkey-go/binary.go:36.37,39.34 3 1
github.com/valkey-io/valkey-go/binary.go:39.34,41.3 1 1
github.com/valkey-io/valkey-go/binary.go:42.2,42.11 1 1
github.com/valkey-io/valkey-go/binary.go:50.41,52.22 2 1
github.com/valkey-io/valkey-go/binary.go:52.22,55.3 2 1
github.com/valkey-io/valkey-go/binary.go:56.2,56.24 1 1
github.com/valkey-io/valkey-go/binary.go:60.37,63.34 3 1
github.com/valkey-io/valkey-go/binary.go:63.34,65.3 1 1
github.com/valkey-io/valkey-go/binary.go:66.2,66.11 1 1
github.com/valkey-io/valkey-go/binary.go:73.26,75.16 2 1
github.com/valkey-io/valkey-go/binary.go:75.16,76.13 1 1
github.com/valkey-io/valkey-go/binary.go:78.2,78.25 1 1
github.com/valkey-io/valkey-go/cache.go:58.58,60.2 1 1
github.com/valkey-io/valkey-go/cache.go:68.105,70.72 2 1
github.com/valkey-io/valkey-go/cache.go:70.72,73.3 2 1
github.com/valkey-io/valkey-go/cache.go:74.2,76.19 3 1
github.com/valkey-io/valkey-go/cache.go:76.19,78.3 1 1
github.com/valkey-io/valkey-go/cache.go:79.2,81.40 3 1
github.com/valkey-io/valkey-go/cache.go:81.40,84.3 2 1
github.com/valkey-io/valkey-go/cache.go:85.2,85.60 1 1
github.com/valkey-io/valkey-go/cache.go:85.60,87.3 1 1
github.com/valkey-io/valkey-go/cache.go:88.2,89.32 2 1
github.com/valkey-io/valkey-go/cache.go:92.75,95.52 3 1
github.com/valkey-io/valkey-go/cache.go:95.52,97.37 2 1
github.com/valkey-io/valkey-go/cache.go:97.37,100.4 2 1
github.com/valkey-io/valkey-go/cache.go:101.3,103.21 3 1
github.com/valkey-io/valkey-go/cache.go:105.2,106.8 2 1
github.com/valkey-io/valkey-go/cache.go:109.54,112.52 3 1
github.com/valkey-io/valkey-go/cache.go:112.52,115.3 2 1
github.com/valkey-io/valkey-go/cache.go:116.2,116.15 1 1
github.com/valkey-io/valkey-go/cache.go:119.35,121.30 2 1
github.com/valkey-io/valkey-go/cache.go:121.30,122.15 1 1
github.com/valkey-io/valkey-go/cache.go:122.15,125.4 2 1
github.com/valkey-io/valkey-go/cache.go:127.2,127.23 1 1
github.com/valkey-io/valkey-go/cache.go:127.23,129.3 1 1
github.com/valkey-io/valkey-go/cache.go:132.48,134.17 2 1
github.com/valkey-io/valkey-go/cache.go:134.17,135.30 1 1
github.com/valkey-io/valkey-go/cache.go:135.30,137.4 1 1
github.com/valkey-io/valkey-go/cache.go:138.8,139.26 1 1
github.com/valkey-io/valkey-go/cache.go:139.26,141.4 1 1
github.com/valkey-io/valkey-go/cache.go:143.2,143.15 1 1
github.com/valkey-io/valkey-go/cache.go:146.36,152.34 6 1
github.com/valkey-io/valkey-go/cache.go:152.34,153.29 1 1
github.com/valkey-io/valkey-go/cache.go:153.29,154.16 1 1
github.com/valkey-io/valkey-go/cache.go:154.16,156.5 1 1
github.com/valkey-io/valkey-go/cache.go:168.58,171.2 2 1
github.com/valkey-io/valkey-go/cache.go:173.73,174.9 1 1
github.com/valkey-io/valkey-go/cache.go:175.20,176.36 1 1
github.com/valkey-io/valkey-go/cache.go:177.14,178.22 1 1
github.com/valkey-io/valkey-go/client.go:22.112,23.31 1 1
github.com/valkey-io/valkey-go/client.go:23.31,25.3 1 1
github.com/valkey-io/valkey-go/client.go:27.2,27.21 1 1
github.com/valkey-io/valkey-go/client.go:27.21,29.3 1 1
github.com/valkey-io/valkey-go/client.go:31.2,33.36 3 1
github.com/valkey-io/valkey-go/client.go:33.36,35.3 1 1
github.com/valkey-io/valkey-go/client.go:36.2,36.141 1 1
github.com/valkey-io/valkey-go/client.go:39.134,41.2 1 1
github.com/valkey-io/valkey-go/client.go:43.36,45.2 1 1
github.com/valkey-io/valkey-go/client.go:47.83,49.1 2 1
github.com/valkey-io/valkey-go/client.go:50.2,51.37 2 1
github.com/valkey-io/valkey-go/client.go:51.37,52.28 1 1
github.com/valkey-io/valkey-go/client.go:52.28,53.14 1 0
github.com/valkey-io/valkey-go/client.go:55.3,55.61 1 1
github.com/valkey-io/valkey-go/client.go:55.61,56.63 1 1
github.com/valkey-io/valkey-go/client.go:56.63,58.15 2 1
github.com/valkey-io/valkey-go/client.go:62.2,62.34 1 1
github.com/valkey-io/valkey-go/client.go:62.34,64.3 1 1
github.com/valkey-io/valkey-go/client.go:65.2,65.13 1 1
github.com/valkey-io/valkey-go/client.go:68.88,72.2 3 1
github.com/valkey-io/valkey-go/client.go:74.103,75.21 1 1
github.com/valkey-io/valkey-go/client.go:75.21,77.3 1 1
github.com/valkey-io/valkey-go/client.go:78.2,79.28 2 1
github.com/valkey-io/valkey-go/client.go:79.28,81.3 1 1
github.com/valkey-io/valkey-go/client.go:82.2,82.10 1 1
github.com/valkey-io/valkey-go/client.go:85.96,86.21 1 1
github.com/valkey-io/valkey-go/client.go:86.21,88.3 1 1
github.com/valkey-io/valkey-go/client.go:89.2,90.1 2 1
github.com/valkey-io/valkey-go/client.go:91.2,92.15 2 1
github.com/valkey-io/valkey-go/client.go:92.15,94.2 2 1
github.com/valkey-io/valkey-go/client.go:95.3,97.30 3 1
github.com/valkey-io/valkey-go/client.go:97.30,98.47 1 1
github.com/valkey-io/valkey-go/client.go:98.47,99.18 1 1
github.com/valkey-io/valkey-go/client.go:99.18,101.6 1 1
github.com/valkey-io/valkey-go/client.go:101.11,103.6 1 1
github.com/valkey-io/valkey-go/client.go:104.5,104.10 1 1
github.com/valkey-io/valkey-go/client.go:107.4,107.25 1 1
github.com/valkey-io/valkey-go/client.go:107.25,109.5 1 1
github.com/valkey-io/valkey-go/client.go:109.10,109.31 1 1
github.com/valkey-io/valkey-go/client.go:109.31,111.5 1 1
github.com/valkey-io/valkey-go/client.go:113.3,113.18 1 1
github.com/valkey-io/valkey-go/client.go:113.18,116.16 3 1
github.com/valkey-io/valkey-go/client.go:119.2,119.35 1 1
github.com/valkey-io/valkey-go/client.go:119.35,120.30 1 1
github.com/valkey-io/valkey-go/client.go:120.30,121.40 1 1
github.com/valkey-io/valkey-go/client.go:121.40,125.20 2 1
github.com/valkey-io/valkey-go/client.go:125.20,127.16 2 1
github.com/valkey-io/valkey-go/client.go:132.2,132.28 1 1
github.com/valkey-io/valkey-go/client.go:132.28,133.39 1 1
github.com/valkey-io/valkey-go/client.go:133.39,135.4 1 1
github.com/valkey-io/valkey-go/client.go:137.2,137.14 1 1
github.com/valkey-io/valkey-go/client.go:140.104,141.21 1 1
github.com/valkey-io/valkey-go/client.go:141.21,143.3 1 1
github.com/valkey-io/valkey-go/client.go:144.2,145.1 2 1
github.com/valkey-io/valkey-go/client.go:146.2,147.15 2 1
github.com/valkey-io/valkey-go/client.go:147.15,149.2 2 1
github.com/valkey-io/valkey-go/client.go:150.3,151.30 2 1
github.com/valkey-io/valkey-go/client.go:151.30,152.47 1 1
github.com/valkey-io/valkey-go/client.go:152.47,154.10 2 1
github.com/valkey-io/valkey-go/client.go:157.3,157.18 1 1
github.com/valkey-io/valkey-go/client.go:157.18,160.16 3 1
github.com/valkey-io/valkey-go/client.go:163.2,163.13 1 1
github.com/valkey-io/valkey-go/client.go:163.13,164.30 1 1
github.com/valkey-io/valkey-go/client.go:164.30,165.40 1 1
github.com/valkey-io/valkey-go/client.go:165.40,169.20 2 1
github.com/valkey-io/valkey-go/client.go:169.20,171.16 2 1
github.com/valkey-io/valkey-go/client.go:176.2,176.28 1 1
github.com/valkey-io/valkey-go/client.go:176.28,177.79 1 1
github.com/valkey-io/valkey-go/client.go:177.79,179.4 1 1
github.com/valkey-io/valkey-go/client.go:181.2,181.14 1 1
github.com/valkey-io/valkey-go/client.go:184.107,186.1 2 1
github.com/valkey-io/valkey-go/client.go:187.2,188.37 2 1
github.com/valkey-io/valkey-go/client.go:188.37,189.28 1 1
github.com/valkey-io/valkey-go/client.go:189.28,190.14 1 0
github.com/valkey-io/valkey-go/client.go:192.3,192.41 1 1
github.com/valkey-io/valkey-go/client.go:192.41,193.74 1 1
github.com/valkey-io/valkey-go/client.go:193.74,195.15 2 1
github.com/valkey-io/valkey-go/client.go:199.2,199.74 1 1
github.com/valkey-io/valkey-go/client.go:199.74,201.3 1 1
github.com/valkey-io/valkey-go/client.go:202.2,202.13 1 1
github.com/valkey-io/valkey-go/client.go:205.114,207.1 2 1
github.com/valkey-io/valkey-go/client.go:208.2,209.27 2 1
github.com/valkey-io/valkey-go/client.go:209.27,210.13 1 0
github.com/valkey-io/valkey-go/client.go:212.2,212.13 1 1
github.com/valkey-io/valkey-go/client.go:212.13,213.66 1 1
github.com/valkey-io/valkey-go/client.go:213.66,215.19 2 1
github.com/valkey-io/valkey-go/client.go:215.19,217.15 2 1
github.com/valkey-io/valkey-go/client.go:221.2,221.16 1 1
github.com/valkey-io/valkey-go/client.go:221.16,223.3 1 1
github.com/valkey-io/valkey-go/client.go:224.2,224.12 1 1
github.com/valkey-io/valkey-go/client.go:227.78,233.2 5 1
github.com/valkey-io/valkey-go/client.go:235.61,239.2 3 1
github.com/valkey-io/valkey-go/client.go:241.50,243.2 1 1
github.com/valkey-io/valkey-go/client.go:245.42,247.2 1 1
github.com/valkey-io/valkey-go/client.go:249.32,252.2 2 1
github.com/valkey-io/valkey-go/client.go:263.45,265.2 1 1
github.com/valkey-io/valkey-go/client.go:267.92,269.1 2 1
github.com/valkey-io/valkey-go/client.go:270.2,270.34 1 1
github.com/valkey-io/valkey-go/client.go:270.34,272.3 1 1
github.com/valkey-io/valkey-go/client.go:273.2,274.75 2 1
github.com/valkey-io/valkey-go/client.go:274.75,278.18 2 1
github.com/valkey-io/valkey-go/client.go:278.18,280.14 2 1
github.com/valkey-io/valkey-go/client.go:283.2,283.34 1 1
github.com/valkey-io/valkey-go/client.go:283.34,285.3 1 1
github.com/valkey-io/valkey-go/client.go:286.2,286.13 1 1
github.com/valkey-io/valkey-go/client.go:289.104,290.21 1 1
github.com/valkey-io/valkey-go/client.go:290.21,292.3 1 1
github.com/valkey-io/valkey-go/client.go:293.2,295.15 3 1
github.com/valkey-io/valkey-go/client.go:295.15,297.3 1 1
github.com/valkey-io/valkey-go/client.go:299.2,299.34 1 1
github.com/valkey-io/valkey-go/client.go:299.34,301.3 1 1
github.com/valkey-io/valkey-go/client.go:302.2,303.28 2 1
github.com/valkey-io/valkey-go/client.go:303.28,304.61 1 1
github.com/valkey-io/valkey-go/client.go:304.61,308.19 2 1
github.com/valkey-io/valkey-go/client.go:308.19,310.15 2 1
github.com/valkey-io/valkey-go/client.go:313.3,313.38 1 1
github.com/valkey-io/valkey-go/client.go:313.38,315.4 1 1
github.com/valkey-io/valkey-go/client.go:317.2,317.13 1 1
github.com/valkey-io/valkey-go/client.go:320.123,322.1 2 1
github.com/valkey-io/valkey-go/client.go:323.2,323.34 1 1
github.com/valkey-io/valkey-go/client.go:323.34,325.3 1 1
github.com/valkey-io/valkey-go/client.go:326.2,327.13 2 1
github.com/valkey-io/valkey-go/client.go:327.13,328.72 1 1
github.com/valkey-io/valkey-go/client.go:328.72,332.19 2 1
github.com/valkey-io/valkey-go/client.go:332.19,334.15 2 1
github.com/valkey-io/valkey-go/client.go:338.2,338.16 1 1
github.com/valkey-io/valkey-go/client.go:338.16,340.3 1 1
github.com/valkey-io/valkey-go/client.go:341.2,341.12 1 1
github.com/valkey-io/valkey-go/client.go:344.80,345.34 1 1
github.com/valkey-io/valkey-go/client.go:345.34,349.3 3 1
github.com/valkey-io/valkey-go/client.go:350.2,350.37 1 1
github.com/valkey-io/valkey-go/client.go:353.41,356.2 2 1
github.com/valkey-io/valkey-go/client.go:358.47,359.37 1 1
github.com/valkey-io/valkey-go/client.go:359.37,361.3 1 1
github.com/valkey-io/valkey-go/client.go:362.2,362.12 1 1
github.com/valkey-io/valkey-go/client.go:365.43,366.48 1 1
github.com/valkey-io/valkey-go/client.go:366.48,368.3 1 1
github.com/valkey-io/valkey-go/client.go:371.73,372.113 1 1
github.com/valkey-io/valkey-go/client.go:372.113,374.3 1 1
github.com/valkey-io/valkey-go/client.go:375.2,375.39 1 1
github.com/valkey-io/valkey-go/client.go:375.39,377.3 1 1
github.com/valkey-io/valkey-go/client.go:378.2,378.13 1 1
github.com/valkey-io/valkey-go/client.go:381.63,382.70 1 1
github.com/valkey-io/valkey-go/client.go:382.70,384.3 1 1
github.com/valkey-io/valkey-go/client.go:385.2,385.39 1 1
github.com/valkey-io/valkey-go/client.go:385.39,387.3 1 1
github.com/valkey-io/valkey-go/client.go:388.2,388.13 1 1
github.com/valkey-io/valkey-go/client.go:391.42,392.28 1 1
github.com/valkey-io/valkey-go/client.go:392.28,393.20 1 1
github.com/valkey-io/valkey-go/client.go:393.20,395.4 1 1
github.com/valkey-io/valkey-go/client.go:397.2,397.13 1 1
github.com/valkey-io/valkey-go/client.go:400.43,401.34 1 1
github.com/valkey-io/valkey-go/client.go:401.34,402.39 1 1
github.com/valkey-io/valkey-go/client.go:402.39,403.40 1 1
github.com/valkey-io/valkey-go/client.go:403.40,404.79 1 1
github.com/valkey-io/valkey-go/client.go:404.79,406.6 1 1
github.com/valkey-io/valkey-go/client.go:408.4,408.26 1 1
github.com/valkey-io/valkey-go/client.go:411.2,411.22 1 1
github.com/valkey-io/valkey-go/cluster.go:48.70,50.2 1 1
github.com/valkey-io/valkey-go/cluster.go:52.103,64.50 2 1
github.com/valkey-io/valkey-go/cluster.go:64.50,66.3 1 1
github.com/valkey-io/valkey-go/cluster.go:67.2,67.51 1 1
github.com/valkey-io/valkey-go/cluster.go:67.51,69.3 1 1
github.com/valkey-io/valkey-go/cluster.go:70.2,70.61 1 1
github.com/valkey-io/valkey-go/cluster.go:70.61,72.3 1 1
github.com/valkey-io/valkey-go/cluster.go:74.2,74.61 1 1
github.com/valkey-io/valkey-go/cluster.go:74.61,76.3 1 1
github.com/valkey-io/valkey-go/cluster.go:78.2,78.31 1 1
github.com/valkey-io/valkey-go/cluster.go:78.31,82.3 3 1
github.com/valkey-io/valkey-go/cluster.go:84.2,84.59 1 1
github.com/valkey-io/valkey-go/cluster.go:84.59,86.37 2 1
github.com/valkey-io/valkey-go/cluster.go:86.37,88.4 1 1
github.com/valkey-io/valkey-go/cluster.go:89.3,89.12 1 1
github.com/valkey-io/valkey-go/cluster.go:92.2,92.38 1 1
github.com/valkey-io/valkey-go/cluster.go:92.38,94.3 1 1
github.com/valkey-io/valkey-go/cluster.go:96.2,96.61 1 1
github.com/valkey-io/valkey-go/cluster.go:96.61,98.3 1 1
github.com/valkey-io/valkey-go/cluster.go:100.2,100.49 1 1
github.com/valkey-io/valkey-go/cluster.go:100.49,102.3 1 1
github.com/valkey-io/valkey-go/cluster.go:102.8,102.56 1 1
github.com/valkey-io/valkey-go/cluster.go:102.56,104.3 1 1
github.com/valkey-io/valkey-go/cluster.go:106.2,106.20 1 1
github.com/valkey-io/valkey-go/cluster.go:109.38,110.33 1 1
github.com/valkey-io/valkey-go/cluster.go:110.33,112.3 1 1
github.com/valkey-io/valkey-go/cluster.go:113.2,114.41 2 1
github.com/valkey-io/valkey-go/cluster.go:114.41,116.33 2 1
github.com/valkey-io/valkey-go/cluster.go:116.33,117.36 1 1
github.com/valkey-io/valkey-go/cluster.go:117.36,119.35 2 1
github.com/valkey-io/valkey-go/cluster.go:119.35,121.6 1 0
github.com/valkey-io/valkey-go/cluster.go:121.11,125.6 1 1
github.com/valkey-io/valkey-go/cluster.go:126.5,127.19 2 1
github.com/valkey-io/valkey-go/cluster.go:128.10,130.5 1 1
github.com/valkey-io/valkey-go/cluster.go:133.2,134.36 2 1
github.com/valkey-io/valkey-go/cluster.go:134.36,135.35 1 1
github.com/valkey-io/valkey-go/cluster.go:135.35,137.4 1 1
github.com/valkey-io/valkey-go/cluster.go:137.9,139.4 1 1
github.com/valkey-io/valkey-go/cluster.go:141.2,141.14 1 1
github.com/valkey-io/valkey-go/cluster.go:144.66,146.2 1 1
github.com/valkey-io/valkey-go/cluster.go:148.39,150.2 1 1
github.com/valkey-io/valkey-go/cluster.go:158.56,159.15 1 1
github.com/valkey-io/valkey-go/cluster.go:159.15,161.3 1 1
github.com/valkey-io/valkey-go/cluster.go:162.2,162.46 1 1
github.com/valkey-io/valkey-go/cluster.go:165.66,168.17 3 1
github.com/valkey-io/valkey-go/cluster.go:168.17,171.3 2 1
github.com/valkey-io/valkey-go/cluster.go:171.8,173.3 1 1
github.com/valkey-io/valkey-go/cluster.go:174.2,175.11 2 1
github.com/valkey-io/valkey-go/cluster.go:175.11,177.3 1 1
github.com/valkey-io/valkey-go/cluster.go:178.2,178.79 1 1
github.com/valkey-io/valkey-go/cluster.go:181.48,185.29 4 1
github.com/valkey-io/valkey-go/cluster.go:185.29,187.3 1 1
github.com/valkey-io/valkey-go/cluster.go:188.2,191.36 3 1
github.com/valkey-io/valkey-go/cluster.go:191.36,192.15 1 1
github.com/valkey-io/valkey-go/cluster.go:192.15,193.49 1 1
github.com/valkey-io/valkey-go/cluster.go:193.49,194.44 1 1
github.com/valkey-io/valkey-go/cluster.go:194.44,196.6 1 1
github.com/valkey-io/valkey-go/cluster.go:199.3,201.42 3 1
github.com/valkey-io/valkey-go/cluster.go:201.42,202.9 1 1
github.com/valkey-io/valkey-go/cluster.go:205.2,205.16 1 1
github.com/valkey-io/valkey-go/cluster.go:205.16,207.3 1 1
github.com/valkey-io/valkey-go/cluster.go:208.2,212.32 4 1
github.com/valkey-io/valkey-go/cluster.go:212.32,214.20 2 1
github.com/valkey-io/valkey-go/cluster.go:214.20,215.41 1 1
github.com/valkey-io/valkey-go/cluster.go:215.41,217.5 1 1
github.com/valkey-io/valkey-go/cluster.go:218.9,219.41 1 1
github.com/valkey-io/valkey-go/cluster.go:219.41,221.5 1 1
github.com/valkey-io/valkey-go/cluster.go:225.2,225.41 1 1
github.com/valkey-io/valkey-go/cluster.go:225.41,226.32 1 1
github.com/valkey-io/valkey-go/cluster.go:226.32,231.4 1 1
github.com/valkey-io/valkey-go/cluster.go:234.2,237.32 3 1
github.com/valkey-io/valkey-go/cluster.go:237.32,238.35 1 1
github.com/valkey-io/valkey-go/cluster.go:238.35,241.4 2 1
github.com/valkey-io/valkey-go/cluster.go:241.9,243.4 1 1
github.com/valkey-io/valkey-go/cluster.go:245.2,249.32 4 1
github.com/valkey-io/valkey-go/cluster.go:249.32,250.10 1 1
github.com/valkey-io/valkey-go/cluster.go:251.46,253.33 2 1
github.com/valkey-io/valkey-go/cluster.go:253.33,254.64 1 1
github.com/valkey-io/valkey-go/cluster.go:254.64,256.6 1 1
github.com/valkey-io/valkey-go/cluster.go:258.22,259.24 1 1
github.com/valkey-io/valkey-go/cluster.go:259.24,261.5 1 1
github.com/valkey-io/valkey-go/cluster.go:262.4,262.24 1 1
github.com/valkey-io/valkey-go/cluster.go:262.24,265.34 2 1
github.com/valkey-io/valkey-go/cluster.go:265.34,267.33 2 1
github.com/valkey-io/valkey-go/cluster.go:267.33,268.43 1 1
github.com/valkey-io/valkey-go/cluster.go:268.43,270.66 2 1
github.com/valkey-io/valkey-go/cluster.go:270.66,273.9 2 1
github.com/valkey-io/valkey-go/cluster.go:275.7,275.16 1 1
github.com/valkey-io/valkey-go/cluster.go:279.5,279.34 1 1
github.com/valkey-io/valkey-go/cluster.go:279.34,280.65 1 1
github.com/valkey-io/valkey-go/cluster.go:280.65,283.36 3 1
github.com/valkey-io/valkey-go/cluster.go:283.36,285.8 1 1
github.com/valkey-io/valkey-go/cluster.go:285.13,287.8 1 1
github.com/valkey-io/valkey-go/cluster.go:290.10,291.34 1 1
github.com/valkey-io/valkey-go/cluster.go:291.34,292.65 1 1
github.com/valkey-io/valkey-go/cluster.go:292.65,295.7 2 1
github.com/valkey-io/valkey-go/cluster.go:298.11,299.33 1 1
github.com/valkey-io/valkey-go/cluster.go:299.33,300.64 1 1
github.com/valkey-io/valkey-go/cluster.go:300.64,302.6 1 1
github.com/valkey-io/valkey-go/cluster.go:307.2,313.22 6 1
github.com/valkey-io/valkey-go/cluster.go:313.22,314.27 1 1
github.com/valkey-io/valkey-go/cluster.go:314.27,316.31 2 1
github.com/valkey-io/valkey-go/cluster.go:316.31,318.5 1 1
github.com/valkey-io/valkey-go/cluster.go:322.2,322.12 1 1
github.com/valkey-io/valkey-go/cluster.go:325.46,327.2 1 1
github.com/valkey-io/valkey-go/cluster.go:329.42,332.28 3 1
github.com/valkey-io/valkey-go/cluster.go:332.28,334.3 1 1
github.com/valkey-io/valkey-go/cluster.go:335.2,336.14 2 1
github.com/valkey-io/valkey-go/cluster.go:346.66,347.18 1 1
github.com/valkey-io/valkey-go/cluster.go:348.10,349.47 1 1
github.com/valkey-io/valkey-go/cluster.go:350.11,351.12 1 1
github.com/valkey-io/valkey-go/cluster.go:353.2,353.64 1 1
github.com/valkey-io/valkey-go/cluster.go:358.75,360.35 2 1
github.com/valkey-io/valkey-go/cluster.go:360.35,362.19 2 1
github.com/valkey-io/valkey-go/cluster.go:362.19,363.12 1 1
github.com/valkey-io/valkey-go/cluster.go:365.3,366.10 2 1
github.com/valkey-io/valkey-go/cluster.go:366.10,369.41 3 1
github.com/valkey-io/valkey-go/cluster.go:369.41,370.123 1 1
github.com/valkey-io/valkey-go/cluster.go:370.123,372.6 1 1
github.com/valkey-io/valkey-go/cluster.go:375.3,376.21 2 1
github.com/valkey-io/valkey-go/cluster.go:378.2,378.15 1 1
github.com/valkey-io/valkey-go/cluster.go:383.87,385.36 2 1
github.com/valkey-io/valkey-go/cluster.go:385.36,396.26 8 1
github.com/valkey-io/valkey-go/cluster.go:396.26,399.4 2 1
github.com/valkey-io/valkey-go/cluster.go:400.3,400.28 1 1
github.com/valkey-io/valkey-go/cluster.go:400.28,402.69 2 1
github.com/valkey-io/valkey-go/cluster.go:402.69,403.13 1 1
github.com/valkey-io/valkey-go/cluster.go:405.4,406.42 2 1
github.com/valkey-io/valkey-go/cluster.go:406.42,408.5 1 1
github.com/valkey-io/valkey-go/cluster.go:409.4,410.81 2 1
github.com/valkey-io/valkey-go/cluster.go:410.81,411.64 1 1
github.com/valkey-io/valkey-go/cluster.go:411.64,413.6 1 1
github.com/valkey-io/valkey-go/cluster.go:414.5,414.54 1 1
github.com/valkey-io/valkey-go/cluster.go:417.3,417.13 1 1
github.com/valkey-io/valkey-go/cluster.go:417.13,420.4 2 1
github.com/valkey-io/valkey-go/cluster.go:422.2,422.15 1 1
github.com/valkey-io/valkey-go/cluster.go:425.57,428.6 3 1
github.com/valkey-io/valkey-go/cluster.go:428.6,429.10 1 1
github.com/valkey-io/valkey-go/cluster.go:430.19,431.10 1 1
github.com/valkey-io/valkey-go/cluster.go:432.19,433.19 1 1
github.com/valkey-io/valkey-go/cluster.go:438.69,440.27 2 1
github.com/valkey-io/valkey-go/cluster.go:440.27,441.30 1 1
github.com/valkey-io/valkey-go/cluster.go:441.30,443.9 2 1
github.com/valkey-io/valkey-go/cluster.go:445.8,445.41 1 1
github.com/valkey-io/valkey-go/cluster.go:445.41,447.3 1 1
github.com/valkey-io/valkey-go/cluster.go:447.8,449.3 1 1
github.com/valkey-io/valkey-go/cluster.go:450.2,451.10 2 1
github.com/valkey-io/valkey-go/cluster.go:454.100,455.44 1 1
github.com/valkey-io/valkey-go/cluster.go:455.44,456.40 1 1
github.com/valkey-io/valkey-go/cluster.go:456.40,458.4 1 1
github.com/valkey-io/valkey-go/cluster.go:459.3,459.45 1 1
github.com/valkey-io/valkey-go/cluster.go:459.45,461.4 1 1
github.com/valkey-io/valkey-go/cluster.go:463.2,463.15 1 1
github.com/valkey-io/valkey-go/cluster.go:466.100,470.39 4 1
github.com/valkey-io/valkey-go/cluster.go:470.39,472.3 1 1
github.com/valkey-io/valkey-go/cluster.go:473.2,474.40 2 1
github.com/valkey-io/valkey-go/cluster.go:474.40,478.27 4 1
github.com/valkey-io/valkey-go/cluster.go:478.27,480.4 1 1
github.com/valkey-io/valkey-go/cluster.go:481.8,481.28 1 1
github.com/valkey-io/valkey-go/cluster.go:481.28,485.22 1 1
github.com/valkey-io/valkey-go/cluster.go:485.22,488.4 2 1
github.com/valkey-io/valkey-go/cluster.go:489.3,492.27 4 1
github.com/valkey-io/valkey-go/cluster.go:492.27,494.4 1 1
github.com/valkey-io/valkey-go/cluster.go:496.2,497.16 2 1
github.com/valkey-io/valkey-go/cluster.go:500.37,502.2 1 1
github.com/valkey-io/valkey-go/cluster.go:504.84,505.57 1 1
github.com/valkey-io/valkey-go/cluster.go:505.57,507.3 1 1
github.com/valkey-io/valkey-go/cluster.go:508.2,508.13 1 1
github.com/valkey-io/valkey-go/cluster.go:511.84,513.1 2 1
github.com/valkey-io/valkey-go/cluster.go:514.2,515.16 2 1
github.com/valkey-io/valkey-go/cluster.go:515.16,517.3 1 1
github.com/valkey-io/valkey-go/cluster.go:518.2,519.45 2 1
github.com/valkey-io/valkey-go/cluster.go:519.45,520.13 1 1
github.com/valkey-io/valkey-go/cluster.go:522.1,523.69 1 1
github.com/valkey-io/valkey-go/cluster.go:524.20,526.2 2 1
github.com/valkey-io/valkey-go/cluster.go:527.3,528.46 2 1
github.com/valkey-io/valkey-go/cluster.go:528.46,529.17 1 1
github.com/valkey-io/valkey-go/cluster.go:531.3,531.15 1 1
github.com/valkey-io/valkey-go/cluster.go:532.19,534.2 2 1
github.com/valkey-io/valkey-go/cluster.go:535.3,537.46 3 1
github.com/valkey-io/valkey-go/cluster.go:537.46,538.17 1 1
github.com/valkey-io/valkey-go/cluster.go:540.3,541.15 2 1
github.com/valkey-io/valkey-go/cluster.go:542.21,543.34 1 1
github.com/valkey-io/valkey-go/cluster.go:543.34,545.19 2 1
github.com/valkey-io/valkey-go/cluster.go:545.19,547.15 2 1
github.com/valkey-io/valkey-go/cluster.go:551.2,551.13 1 1
github.com/valkey-io/valkey-go/cluster.go:554.55,555.33 1 1
github.com/valkey-io/valkey-go/cluster.go:555.33,557.3 1 1
github.com/valkey-io/valkey-go/cluster.go:558.2,558.14 1 1
github.com/valkey-io/valkey-go/cluster.go:561.87,564.28 2 1
github.com/valkey-io/valkey-go/cluster.go:564.28,565.34 1 1
github.com/valkey-io/valkey-go/cluster.go:565.34,567.9 2 1
github.com/valkey-io/valkey-go/cluster.go:571.2,576.61 4 1
github.com/valkey-io/valkey-go/cluster.go:576.61,577.29 1 1
github.com/valkey-io/valkey-go/cluster.go:577.29,579.33 2 1
github.com/valkey-io/valkey-go/cluster.go:579.33,581.5 1 1
github.com/valkey-io/valkey-go/cluster.go:581.10,583.5 1 1
github.com/valkey-io/valkey-go/cluster.go:584.4,584.17 1 1
github.com/valkey-io/valkey-go/cluster.go:584.17,586.5 1 0
github.com/valkey-io/valkey-go/cluster.go:587.4,587.17 1 1
github.com/valkey-io/valkey-go/cluster.go:590.3,591.30 2 1
github.com/valkey-io/valkey-go/cluster.go:591.30,593.4 1 1
github.com/valkey-io/valkey-go/cluster.go:594.3,596.29 2 1
github.com/valkey-io/valkey-go/cluster.go:596.29,598.33 2 1
github.com/valkey-io/valkey-go/cluster.go:598.33,600.5 1 1
github.com/valkey-io/valkey-go/cluster.go:600.10,602.5 1 1
github.com/valkey-io/valkey-go/cluster.go:603.4,603.17 1 1
github.com/valkey-io/valkey-go/cluster.go:603.17,605.5 1 0
github.com/valkey-io/valkey-go/cluster.go:606.4,608.40 3 1
github.com/valkey-io/valkey-go/cluster.go:610.3,610.23 1 1
github.com/valkey-io/valkey-go/cluster.go:613.2,614.28 2 1
github.com/valkey-io/valkey-go/cluster.go:614.28,615.34 1 1
github.com/valkey-io/valkey-go/cluster.go:615.34,617.12 2 1
github.com/valkey-io/valkey-go/cluster.go:619.3,619.28 1 1
github.com/valkey-io/valkey-go/cluster.go:619.28,621.4 1 1
github.com/valkey-io/valkey-go/cluster.go:621.9,621.40 1 1
github.com/valkey-io/valkey-go/cluster.go:621.40,622.25 1 1
github.com/valkey-io/valkey-go/cluster.go:624.3,625.16 2 1
github.com/valkey-io/valkey-go/cluster.go:625.16,627.4 1 1
github.com/valkey-io/valkey-go/cluster.go:628.3,628.16 1 1
github.com/valkey-io/valkey-go/cluster.go:631.2,631.27 1 1
github.com/valkey-io/valkey-go/cluster.go:631.27,633.31 1 1
github.com/valkey-io/valkey-go/cluster.go:633.31,634.17 1 1
github.com/valkey-io/valkey-go/cluster.go:634.17,637.10 3 1
github.com/valkey-io/valkey-go/cluster.go:640.3,640.28 1 1
github.com/valkey-io/valkey-go/cluster.go:640.28,642.4 1 0
github.com/valkey-io/valkey-go/cluster.go:643.8,643.17 1 1
github.com/valkey-io/valkey-go/cluster.go:643.17,646.3 2 1
github.com/valkey-io/valkey-go/cluster.go:648.2,649.29 2 1
github.com/valkey-io/valkey-go/cluster.go:649.29,651.3 1 1
github.com/valkey-io/valkey-go/cluster.go:652.2,654.28 2 1
github.com/valkey-io/valkey-go/cluster.go:654.28,656.34 2 1
github.com/valkey-io/valkey-go/cluster.go:656.34,658.4 1 1
github.com/valkey-io/valkey-go/cluster.go:658.9,660.4 1 1
github.com/valkey-io/valkey-go/cluster.go:661.3,663.39 3 1
github.com/valkey-io/valkey-go/cluster.go:665.2,665.22 1 1
github.com/valkey-io/valkey-go/cluster.go:668.101,670.18 2 1
github.com/valkey-io/valkey-go/cluster.go:670.18,671.40 1 1
github.com/valkey-io/valkey-go/cluster.go:671.40,673.4 1 1
github.com/valkey-io/valkey-go/cluster.go:674.3,674.57 1 1
github.com/valkey-io/valkey-go/cluster.go:674.57,676.4 1 1
github.com/valkey-io/valkey-go/cluster.go:678.2,678.28 1 1
github.com/valkey-io/valkey-go/cluster.go:681.34,683.2 1 1
github.com/valkey-io/valkey-go/cluster.go:684.33,686.2 1 1
github.com/valkey-io/valkey-go/cluster.go:690.16,694.29 4 1
github.com/valkey-io/valkey-go/cluster.go:694.29,700.27 6 1
github.com/valkey-io/valkey-go/cluster.go:700.27,703.29 3 1
github.com/valkey-io/valkey-go/cluster.go:703.29,704.37 1 1
github.com/valkey-io/valkey-go/cluster.go:704.37,705.14 1 1
github.com/valkey-io/valkey-go/cluster.go:707.5,707.71 1 1
github.com/valkey-io/valkey-go/cluster.go:708.10,710.5 1 1
github.com/valkey-io/valkey-go/cluster.go:711.4,711.25 1 1
github.com/valkey-io/valkey-go/cluster.go:711.25,712.82 1 1
github.com/valkey-io/valkey-go/cluster.go:712.83,713.6 0 1
github.com/valkey-io/valkey-go/cluster.go:714.5,714.93 1 1
github.com/valkey-io/valkey-go/cluster.go:714.94,715.6 0 1
github.com/valkey-io/valkey-go/cluster.go:716.5,716.119 1 1
github.com/valkey-io/valkey-go/cluster.go:716.119,720.19 4 1
github.com/valkey-io/valkey-go/cluster.go:720.19,723.7 2 1
github.com/valkey-io/valkey-go/cluster.go:724.6,724.32 1 1
github.com/valkey-io/valkey-go/cluster.go:724.32,727.30 3 1
github.com/valkey-io/valkey-go/cluster.go:727.30,730.8 2 1
github.com/valkey-io/valkey-go/cluster.go:730.13,733.8 2 1
github.com/valkey-io/valkey-go/cluster.go:735.6,736.14 2 1
github.com/valkey-io/valkey-go/cluster.go:739.4,739.71 1 1
github.com/valkey-io/valkey-go/cluster.go:739.71,740.13 1 1
github.com/valkey-io/valkey-go/cluster.go:742.4,743.29 2 1
github.com/valkey-io/valkey-go/cluster.go:743.29,745.5 1 1
github.com/valkey-io/valkey-go/cluster.go:746.4,746.48 1 1
github.com/valkey-io/valkey-go/cluster.go:746.48,748.5 1 1
github.com/valkey-io/valkey-go/cluster.go:749.4,750.17 2 1
github.com/valkey-io/valkey-go/cluster.go:750.17,753.5 2 1
github.com/valkey-io/valkey-go/cluster.go:754.4,754.27 1 1
github.com/valkey-io/valkey-go/cluster.go:754.27,757.5 2 1
github.com/valkey-io/valkey-go/cluster.go:757.10,760.5 2 1
github.com/valkey-io/valkey-go/cluster.go:761.4,761.15 1 1
github.com/valkey-io/valkey-go/cluster.go:764.2,764.14 1 1
github.com/valkey-io/valkey-go/cluster.go:769.3,771.27 2 1
github.com/valkey-io/valkey-go/cluster.go:771.27,773.16 2 1
github.com/valkey-io/valkey-go/cluster.go:773.16,775.3 2 1
github.com/valkey-io/valkey-go/cluster.go:776.4,778.33 3 1
github.com/valkey-io/valkey-go/cluster.go:778.33,779.48 1 1
github.com/valkey-io/valkey-go/cluster.go:779.48,780.19 1 1
github.com/valkey-io/valkey-go/cluster.go:780.19,782.7 1 1
github.com/valkey-io/valkey-go/cluster.go:782.12,784.7 1 1
github.com/valkey-io/valkey-go/cluster.go:785.6,785.11 1 1
github.com/valkey-io/valkey-go/cluster.go:788.5,788.32 1 1
github.com/valkey-io/valkey-go/cluster.go:788.32,790.6 1 1
github.com/valkey-io/valkey-go/cluster.go:790.11,790.38 1 1
github.com/valkey-io/valkey-go/cluster.go:790.38,792.6 1 1
github.com/valkey-io/valkey-go/cluster.go:794.4,794.19 1 1
github.com/valkey-io/valkey-go/cluster.go:794.19,797.17 3 1
github.com/valkey-io/valkey-go/cluster.go:800.3,801.22 2 1
github.com/valkey-io/valkey-go/cluster.go:803.2,803.27 1 1
github.com/valkey-io/valkey-go/cluster.go:803.27,807.3 3 1
github.com/valkey-io/valkey-go/cluster.go:808.2,808.11 1 1
github.com/valkey-io/valkey-go/cluster.go:808.11,810.3 1 1
github.com/valkey-io/valkey-go/cluster.go:811.2,811.11 1 1
github.com/valkey-io/valkey-go/cluster.go:814.89,815.21 1 1
github.com/valkey-io/valkey-go/cluster.go:815.21,817.3 1 1
github.com/valkey-io/valkey-go/cluster.go:819.2,820.16 2 1
github.com/valkey-io/valkey-go/cluster.go:820.16,822.3 1 1
github.com/valkey-io/valkey-go/cluster.go:823.2,832.1 6 1
github.com/valkey-io/valkey-go/cluster.go:833.2,839.32 6 1
github.com/valkey-io/valkey-go/cluster.go:839.32,843.8 4 1
github.com/valkey-io/valkey-go/cluster.go:845.2,845.32 1 1
github.com/valkey-io/valkey-go/cluster.go:845.32,848.3 2 1
github.com/valkey-io/valkey-go/cluster.go:849.2,853.25 4 1
github.com/valkey-io/valkey-go/cluster.go:853.25,854.28 1 1
github.com/valkey-io/valkey-go/cluster.go:854.28,856.14 2 1
github.com/valkey-io/valkey-go/cluster.go:858.3,858.30 1 1
github.com/valkey-io/valkey-go/cluster.go:858.30,861.14 3 1
github.com/valkey-io/valkey-go/cluster.go:865.2,865.28 1 1
github.com/valkey-io/valkey-go/cluster.go:865.28,866.43 1 1
github.com/valkey-io/valkey-go/cluster.go:866.43,868.4 1 1
github.com/valkey-io/valkey-go/cluster.go:870.2,870.18 1 1
github.com/valkey-io/valkey-go/cluster.go:873.58,875.25 2 1
github.com/valkey-io/valkey-go/cluster.go:875.25,877.3 1 1
github.com/valkey-io/valkey-go/cluster.go:878.2,878.16 1 1
github.com/valkey-io/valkey-go/cluster.go:881.108,884.1 2 1
github.com/valkey-io/valkey-go/cluster.go:885.2,886.16 2 1
github.com/valkey-io/valkey-go/cluster.go:886.16,888.3 1 1
github.com/valkey-io/valkey-go/cluster.go:889.2,890.45 2 1
github.com/valkey-io/valkey-go/cluster.go:890.45,891.13 1 1
github.com/valkey-io/valkey-go/cluster.go:893.1,894.69 1 1
github.com/valkey-io/valkey-go/cluster.go:895.20,897.2 2 1
github.com/valkey-io/valkey-go/cluster.go:898.3,899.46 2 1
github.com/valkey-io/valkey-go/cluster.go:899.46,900.16 1 1
github.com/valkey-io/valkey-go/cluster.go:902.3,902.15 1 1
github.com/valkey-io/valkey-go/cluster.go:903.19,907.15 4 1
github.com/valkey-io/valkey-go/cluster.go:908.21,909.14 1 1
github.com/valkey-io/valkey-go/cluster.go:909.14,911.19 2 1
github.com/valkey-io/valkey-go/cluster.go:911.19,913.15 2 1
github.com/valkey-io/valkey-go/cluster.go:917.2,917.13 1 1
github.com/valkey-io/valkey-go/cluster.go:920.108,922.74 2 1
github.com/valkey-io/valkey-go/cluster.go:922.74,924.3 1 1
github.com/valkey-io/valkey-go/cluster.go:925.2,925.13 1 1
github.com/valkey-io/valkey-go/cluster.go:928.101,931.28 3 1
github.com/valkey-io/valkey-go/cluster.go:931.28,932.11 1 1
github.com/valkey-io/valkey-go/cluster.go:932.11,935.4 2 1
github.com/valkey-io/valkey-go/cluster.go:935.9,938.4 2 1
github.com/valkey-io/valkey-go/cluster.go:940.2,942.15 3 1
github.com/valkey-io/valkey-go/cluster.go:942.15,944.2 2 1
github.com/valkey-io/valkey-go/cluster.go:945.3,947.32 3 1
github.com/valkey-io/valkey-go/cluster.go:947.32,948.37 1 1
github.com/valkey-io/valkey-go/cluster.go:948.37,950.5 1 1
github.com/valkey-io/valkey-go/cluster.go:951.4,951.47 1 1
github.com/valkey-io/valkey-go/cluster.go:951.47,953.10 2 1
github.com/valkey-io/valkey-go/cluster.go:956.3,956.18 1 1
github.com/valkey-io/valkey-go/cluster.go:956.18,959.16 3 1
github.com/valkey-io/valkey-go/cluster.go:962.2,962.31 1 1
github.com/valkey-io/valkey-go/cluster.go:962.31,963.36 1 1
github.com/valkey-io/valkey-go/cluster.go:963.36,965.4 1 1
github.com/valkey-io/valkey-go/cluster.go:967.2,968.16 2 1
github.com/valkey-io/valkey-go/cluster.go:971.109,973.28 2 1
github.com/valkey-io/valkey-go/cluster.go:973.28,976.3 2 1
github.com/valkey-io/valkey-go/cluster.go:977.2,979.15 3 1
github.com/valkey-io/valkey-go/cluster.go:979.15,981.2 2 1
github.com/valkey-io/valkey-go/cluster.go:982.3,983.40 2 1
github.com/valkey-io/valkey-go/cluster.go:983.40,984.53 1 1
github.com/valkey-io/valkey-go/cluster.go:984.53,986.10 2 1
github.com/valkey-io/valkey-go/cluster.go:989.3,989.18 1 1
github.com/valkey-io/valkey-go/cluster.go:989.18,992.16 3 1
github.com/valkey-io/valkey-go/cluster.go:995.2,995.39 1 1
github.com/valkey-io/valkey-go/cluster.go:995.39,996.51 1 1
github.com/valkey-io/valkey-go/cluster.go:996.51,997.53 1 1
github.com/valkey-io/valkey-go/cluster.go:997.53,999.5 1 1
github.com/valkey-io/valkey-go/cluster.go:1000.4,1000.52 1 1
github.com/valkey-io/valkey-go/cluster.go:1001.9,1003.4 1 1
github.com/valkey-io/valkey-go/cluster.go:1005.2,1006.16 2 1
github.com/valkey-io/valkey-go/cluster.go:1009.79,1014.52 4 1
github.com/valkey-io/valkey-go/cluster.go:1014.52,1015.29 1 1
github.com/valkey-io/valkey-go/cluster.go:1015.29,1017.16 2 1
github.com/valkey-io/valkey-go/cluster.go:1017.16,1019.5 1 1
github.com/valkey-io/valkey-go/cluster.go:1020.4,1020.16 1 1
github.com/valkey-io/valkey-go/cluster.go:1023.3,1024.30 2 1
github.com/valkey-io/valkey-go/cluster.go:1024.30,1026.4 1 1
github.com/valkey-io/valkey-go/cluster.go:1027.3,1029.29 2 1
github.com/valkey-io/valkey-go/cluster.go:1029.29,1034.4 4 1
github.com/valkey-io/valkey-go/cluster.go:1036.3,1036.17 1 1
github.com/valkey-io/valkey-go/cluster.go:1037.8,1038.29 1 1
github.com/valkey-io/valkey-go/cluster.go:1038.29,1040.48 2 1
github.com/valkey-io/valkey-go/cluster.go:1040.48,1042.5 1 1
github.com/valkey-io/valkey-go/cluster.go:1042.10,1044.5 1 1
github.com/valkey-io/valkey-go/cluster.go:1045.4,1045.16 1 1
github.com/valkey-io/valkey-go/cluster.go:1045.16,1047.5 1 0
github.com/valkey-io/valkey-go/cluster.go:1048.4,1048.16 1 1
github.com/valkey-io/valkey-go/cluster.go:1051.3,1052.30 2 1
github.com/valkey-io/valkey-go/cluster.go:1052.30,1054.4 1 1
github.com/valkey-io/valkey-go/cluster.go:1055.3,1057.29 2 1
github.com/valkey-io/valkey-go/cluster.go:1057.29,1059.48 2 1
github.com/valkey-io/valkey-go/cluster.go:1059.48,1061.5 1 1
github.com/valkey-io/valkey-go/cluster.go:1061.10,1063.5 1 1
github.com/valkey-io/valkey-go/cluster.go:1064.4,1066.40 3 1
github.com/valkey-io/valkey-go/cluster.go:1069.3,1069.17 1 1
github.com/valkey-io/valkey-go/cluster.go:1073.108,1075.18 2 1
github.com/valkey-io/valkey-go/cluster.go:1075.18,1076.40 1 1
github.com/valkey-io/valkey-go/cluster.go:1076.40,1078.4 1 1
github.com/valkey-io/valkey-go/cluster.go:1079.3,1079.53 1 1
github.com/valkey-io/valkey-go/cluster.go:1079.53,1081.4 1 1
github.com/valkey-io/valkey-go/cluster.go:1083.2,1083.19 1 1
github.com/valkey-io/valkey-go/cluster.go:1088.16,1090.29 2 1
github.com/valkey-io/valkey-go/cluster.go:1090.29,1096.27 6 1
github.com/valkey-io/valkey-go/cluster.go:1096.27,1099.29 3 1
github.com/valkey-io/valkey-go/cluster.go:1099.29,1100.17 1 1
github.com/valkey-io/valkey-go/cluster.go:1100.17,1101.14 1 0
github.com/valkey-io/valkey-go/cluster.go:1103.5,1103.86 1 1
github.com/valkey-io/valkey-go/cluster.go:1104.10,1106.5 1 1
github.com/valkey-io/valkey-go/cluster.go:1107.4,1108.29 2 1
github.com/valkey-io/valkey-go/cluster.go:1108.29,1110.5 1 1
github.com/valkey-io/valkey-go/cluster.go:1111.4,1111.48 1 1
github.com/valkey-io/valkey-go/cluster.go:1111.48,1113.5 1 1
github.com/valkey-io/valkey-go/cluster.go:1114.4,1115.17 2 1
github.com/valkey-io/valkey-go/cluster.go:1115.17,1118.5 2 1
github.com/valkey-io/valkey-go/cluster.go:1119.4,1119.27 1 1
github.com/valkey-io/valkey-go/cluster.go:1119.27,1122.5 2 1
github.com/valkey-io/valkey-go/cluster.go:1122.10,1125.5 2 1
github.com/valkey-io/valkey-go/cluster.go:1126.4,1126.15 1 1
github.com/valkey-io/valkey-go/cluster.go:1129.2,1129.14 1 1
github.com/valkey-io/valkey-go/cluster.go:1134.3,1136.27 2 1
github.com/valkey-io/valkey-go/cluster.go:1136.27,1138.16 2 1
github.com/valkey-io/valkey-go/cluster.go:1138.16,1140.3 2 1
github.com/valkey-io/valkey-go/cluster.go:1141.4,1142.33 2 1
github.com/valkey-io/valkey-go/cluster.go:1142.33,1143.48 1 1
github.com/valkey-io/valkey-go/cluster.go:1143.48,1145.11 2 1
github.com/valkey-io/valkey-go/cluster.go:1148.4,1148.19 1 1
github.com/valkey-io/valkey-go/cluster.go:1148.19,1151.17 3 1
github.com/valkey-io/valkey-go/cluster.go:1154.3,1155.22 2 1
github.com/valkey-io/valkey-go/cluster.go:1157.2,1157.27 1 1
github.com/valkey-io/valkey-go/cluster.go:1157.27,1161.3 3 1
github.com/valkey-io/valkey-go/cluster.go:1162.2,1162.11 1 1
github.com/valkey-io/valkey-go/cluster.go:1162.11,1164.3 1 1
github.com/valkey-io/valkey-go/cluster.go:1165.2,1165.11 1 1
github.com/valkey-io/valkey-go/cluster.go:1168.97,1169.21 1 1
github.com/valkey-io/valkey-go/cluster.go:1169.21,1171.3 1 1
github.com/valkey-io/valkey-go/cluster.go:1173.2,1174.16 2 1
github.com/valkey-io/valkey-go/cluster.go:1174.16,1176.3 1 1
github.com/valkey-io/valkey-go/cluster.go:1177.2,1186.1 6 1
github.com/valkey-io/valkey-go/cluster.go:1187.2,1193.32 6 1
github.com/valkey-io/valkey-go/cluster.go:1193.32,1197.8 4 1
github.com/valkey-io/valkey-go/cluster.go:1199.2,1199.32 1 1
github.com/valkey-io/valkey-go/cluster.go:1199.32,1202.3 2 1
github.com/valkey-io/valkey-go/cluster.go:1203.2,1207.25 4 1
github.com/valkey-io/valkey-go/cluster.go:1207.25,1208.28 1 1
github.com/valkey-io/valkey-go/cluster.go:1208.28,1210.14 2 1
github.com/valkey-io/valkey-go/cluster.go:1212.3,1212.30 1 1
github.com/valkey-io/valkey-go/cluster.go:1212.30,1215.14 3 1
github.com/valkey-io/valkey-go/cluster.go:1219.2,1219.28 1 1
github.com/valkey-io/valkey-go/cluster.go:1219.28,1220.83 1 1
github.com/valkey-io/valkey-go/cluster.go:1220.83,1222.4 1 1
github.com/valkey-io/valkey-go/cluster.go:1224.2,1224.18 1 1
github.com/valkey-io/valkey-go/cluster.go:1227.115,1229.1 2 1
github.com/valkey-io/valkey-go/cluster.go:1230.2,1231.16 2 1
github.com/valkey-io/valkey-go/cluster.go:1231.16,1232.11 1 1
github.com/valkey-io/valkey-go/cluster.go:1234.2,1235.27 2 1
github.com/valkey-io/valkey-go/cluster.go:1235.27,1236.13 1 1
github.com/valkey-io/valkey-go/cluster.go:1238.2,1238.80 1 1
github.com/valkey-io/valkey-go/cluster.go:1238.80,1240.18 2 1
github.com/valkey-io/valkey-go/cluster.go:1240.18,1242.14 2 1
github.com/valkey-io/valkey-go/cluster.go:1246.2,1246.16 1 1
github.com/valkey-io/valkey-go/cluster.go:1246.16,1248.3 1 1
github.com/valkey-io/valkey-go/cluster.go:1249.2,1249.12 1 1
github.com/valkey-io/valkey-go/cluster.go:1252.89,1254.16 2 1
github.com/valkey-io/valkey-go/cluster.go:1254.16,1256.3 1 1
github.com/valkey-io/valkey-go/cluster.go:1257.2,1259.12 3 1
github.com/valkey-io/valkey-go/cluster.go:1262.104,1263.21 1 1
github.com/valkey-io/valkey-go/cluster.go:1263.21,1265.3 1 1
github.com/valkey-io/valkey-go/cluster.go:1266.2,1268.34 3 1
github.com/valkey-io/valkey-go/cluster.go:1268.34,1269.47 1 1
github.com/valkey-io/valkey-go/cluster.go:1269.47,1270.29 1 1
github.com/valkey-io/valkey-go/cluster.go:1270.29,1272.5 1 1
github.com/valkey-io/valkey-go/cluster.go:1272.10,1272.24 1 1
github.com/valkey-io/valkey-go/cluster.go:1272.24,1273.66 1 1
github.com/valkey-io/valkey-go/cluster.go:1276.3,1276.39 1 1
github.com/valkey-io/valkey-go/cluster.go:1278.2,1279.16 2 1
github.com/valkey-io/valkey-go/cluster.go:1279.16,1281.3 1 1
github.com/valkey-io/valkey-go/cluster.go:1282.2,1283.28 2 1
github.com/valkey-io/valkey-go/cluster.go:1283.28,1285.3 1 1
github.com/valkey-io/valkey-go/cluster.go:1286.2,1286.12 1 1
github.com/valkey-io/valkey-go/cluster.go:1289.79,1294.2 4 1
github.com/valkey-io/valkey-go/cluster.go:1296.62,1299.2 2 1
github.com/valkey-io/valkey-go/cluster.go:1301.51,1305.32 4 1
github.com/valkey-io/valkey-go/cluster.go:1305.32,1306.17 1 1
github.com/valkey-io/valkey-go/cluster.go:1306.17,1308.4 1 1
github.com/valkey-io/valkey-go/cluster.go:1310.2,1311.15 2 1
github.com/valkey-io/valkey-go/cluster.go:1314.43,1316.2 1 1
github.com/valkey-io/valkey-go/cluster.go:1318.33,1319.48 1 1
github.com/valkey-io/valkey-go/cluster.go:1319.48,1321.3 1 1
github.com/valkey-io/valkey-go/cluster.go:1323.2,1324.29 2 1
github.com/valkey-io/valkey-go/cluster.go:1324.29,1326.3 1 1
github.com/valkey-io/valkey-go/cluster.go:1327.2,1327.16 1 1
github.com/valkey-io/valkey-go/cluster.go:1330.109,1331.93 1 1
github.com/valkey-io/valkey-go/cluster.go:1331.93,1332.40 1 1
github.com/valkey-io/valkey-go/cluster.go:1332.40,1333.36 1 1
github.com/valkey-io/valkey-go/cluster.go:1333.36,1335.5 1 1
github.com/valkey-io/valkey-go/cluster.go:1335.10,1335.41 1 1
github.com/valkey-io/valkey-go/cluster.go:1335.41,1337.5 1 1
github.com/valkey-io/valkey-go/cluster.go:1337.10,1337.73 1 1
github.com/valkey-io/valkey-go/cluster.go:1337.73,1339.5 1 1
github.com/valkey-io/valkey-go/cluster.go:1340.9,1340.30 1 1
github.com/valkey-io/valkey-go/cluster.go:1340.30,1342.4 1 1
github.com/valkey-io/valkey-go/cluster.go:1343.3,1343.27 1 1
github.com/valkey-io/valkey-go/cluster.go:1343.27,1345.4 1 1
github.com/valkey-io/valkey-go/cluster.go:1347.2,1347.8 1 1
github.com/valkey-io/valkey-go/cluster.go:1363.99,1366.12 3 1
github.com/valkey-io/valkey-go/cluster.go:1366.12,1368.3 1 1
github.com/valkey-io/valkey-go/cluster.go:1369.2,1369.27 1 1
github.com/valkey-io/valkey-go/cluster.go:1369.27,1371.3 1 1
github.com/valkey-io/valkey-go/cluster.go:1371.8,1371.52 1 1
github.com/valkey-io/valkey-go/cluster.go:1371.52,1372.24 1 1
github.com/valkey-io/valkey-go/cluster.go:1374.2,1374.19 1 1
github.com/valkey-io/valkey-go/cluster.go:1374.19,1376.3 1 1
github.com/valkey-io/valkey-go/cluster.go:1377.2,1377.65 1 1
github.com/valkey-io/valkey-go/cluster.go:1377.65,1378.29 1 1
github.com/valkey-io/valkey-go/cluster.go:1378.29,1382.4 3 1
github.com/valkey-io/valkey-go/cluster.go:1383.3,1383.18 1 1
github.com/valkey-io/valkey-go/cluster.go:1385.2,1386.28 2 1
github.com/valkey-io/valkey-go/cluster.go:1386.28,1389.28 3 1
github.com/valkey-io/valkey-go/cluster.go:1389.28,1390.22 1 1
github.com/valkey-io/valkey-go/cluster.go:1390.22,1392.5 1 1
github.com/valkey-io/valkey-go/cluster.go:1393.4,1393.18 1 1
github.com/valkey-io/valkey-go/cluster.go:1396.2,1396.20 1 1
github.com/valkey-io/valkey-go/cluster.go:1399.44,1401.13 2 1
github.com/valkey-io/valkey-go/cluster.go:1401.13,1402.29 1 1
github.com/valkey-io/valkey-go/cluster.go:1402.29,1405.4 2 1
github.com/valkey-io/valkey-go/cluster.go:1406.3,1406.20 1 1
github.com/valkey-io/valkey-go/cluster.go:1406.20,1408.4 1 1
github.com/valkey-io/valkey-go/cluster.go:1410.2,1411.15 2 1
github.com/valkey-io/valkey-go/cluster.go:1414.46,1416.2 1 1
github.com/valkey-io/valkey-go/cluster.go:1418.93,1420.1 2 1
github.com/valkey-io/valkey-go/cluster.go:1421.2,1421.54 1 1
github.com/valkey-io/valkey-go/cluster.go:1421.54,1423.3 1 1
github.com/valkey-io/valkey-go/cluster.go:1423.8,1425.74 2 1
github.com/valkey-io/valkey-go/cluster.go:1426.22,1427.55 1 1
github.com/valkey-io/valkey-go/cluster.go:1427.55,1431.20 2 1
github.com/valkey-io/valkey-go/cluster.go:1431.20,1433.16 2 1
github.com/valkey-io/valkey-go/cluster.go:1438.2,1438.34 1 1
github.com/valkey-io/valkey-go/cluster.go:1438.34,1440.3 1 1
github.com/valkey-io/valkey-go/cluster.go:1441.2,1441.13 1 1
github.com/valkey-io/valkey-go/cluster.go:1444.105,1445.21 1 1
github.com/valkey-io/valkey-go/cluster.go:1445.21,1447.3 1 1
github.com/valkey-io/valkey-go/cluster.go:1448.2,1449.25 2 1
github.com/valkey-io/valkey-go/cluster.go:1449.25,1450.24 1 1
github.com/valkey-io/valkey-go/cluster.go:1452.2,1453.15 2 1
github.com/valkey-io/valkey-go/cluster.go:1453.15,1455.3 1 1
github.com/valkey-io/valkey-go/cluster.go:1456.2,1457.1 2 1
github.com/valkey-io/valkey-go/cluster.go:1458.2,1458.48 1 1
github.com/valkey-io/valkey-go/cluster.go:1458.48,1460.26 2 1
github.com/valkey-io/valkey-go/cluster.go:1460.26,1462.62 2 1
github.com/valkey-io/valkey-go/cluster.go:1462.62,1466.20 2 1
github.com/valkey-io/valkey-go/cluster.go:1466.20,1468.16 2 1
github.com/valkey-io/valkey-go/cluster.go:1471.4,1471.28 1 1
github.com/valkey-io/valkey-go/cluster.go:1471.28,1472.10 1 1
github.com/valkey-io/valkey-go/cluster.go:1475.8,1477.23 2 1
github.com/valkey-io/valkey-go/cluster.go:1477.23,1479.4 1 1
github.com/valkey-io/valkey-go/cluster.go:1481.2,1481.28 1 1
github.com/valkey-io/valkey-go/cluster.go:1481.28,1482.38 1 1
github.com/valkey-io/valkey-go/cluster.go:1482.38,1484.4 1 1
github.com/valkey-io/valkey-go/cluster.go:1486.2,1486.13 1 1
github.com/valkey-io/valkey-go/cluster.go:1489.124,1494.1 2 1
github.com/valkey-io/valkey-go/cluster.go:1495.2,1495.59 1 1
github.com/valkey-io/valkey-go/cluster.go:1495.59,1497.109 2 1
github.com/valkey-io/valkey-go/cluster.go:1497.109,1499.19 2 1
github.com/valkey-io/valkey-go/cluster.go:1499.19,1501.15 2 1
github.com/valkey-io/valkey-go/cluster.go:1505.2,1505.16 1 1
github.com/valkey-io/valkey-go/cluster.go:1505.16,1507.3 1 1
github.com/valkey-io/valkey-go/cluster.go:1508.2,1508.12 1 1
github.com/valkey-io/valkey-go/cluster.go:1511.81,1514.12 3 1
github.com/valkey-io/valkey-go/cluster.go:1514.12,1518.3 3 1
github.com/valkey-io/valkey-go/cluster.go:1519.2,1519.28 1 1
github.com/valkey-io/valkey-go/cluster.go:1519.28,1522.3 2 1
github.com/valkey-io/valkey-go/cluster.go:1523.2,1523.19 1 1
github.com/valkey-io/valkey-go/cluster.go:1523.19,1525.3 1 1
github.com/valkey-io/valkey-go/cluster.go:1526.2,1526.20 1 1
github.com/valkey-io/valkey-go/cluster.go:1526.20,1528.3 1 1
github.com/valkey-io/valkey-go/cluster.go:1529.2,1531.11 3 1
github.com/valkey-io/valkey-go/cluster.go:1534.42,1536.28 2 1
github.com/valkey-io/valkey-go/cluster.go:1536.28,1540.3 3 1
github.com/valkey-io/valkey-go/cluster.go:1541.2,1541.19 1 1
github.com/valkey-io/valkey-go/cluster.go:1541.19,1543.3 1 1
github.com/valkey-io/valkey-go/cluster.go:1544.2,1545.13 2 1
github.com/valkey-io/valkey-go/helper.go:12.128,13.20 1 1
github.com/valkey-io/valkey-go/helper.go:13.20,15.3 1 1
github.com/valkey-io/valkey-go/helper.go:16.2,16.29 1 1
github.com/valkey-io/valkey-go/helper.go:16.29,18.3 1 1
github.com/valkey-io/valkey-go/helper.go:19.2,21.24 3 1
github.com/valkey-io/valkey-go/helper.go:21.24,23.3 1 1
github.com/valkey-io/valkey-go/helper.go:24.2,24.48 1 1
github.com/valkey-io/valkey-go/helper.go:27.42,28.28 1 1
github.com/valkey-io/valkey-go/helper.go:29.21,30.24 1 1
github.com/valkey-io/valkey-go/helper.go:31.19,32.32 1 1
github.com/valkey-io/valkey-go/helper.go:33.23,34.46 1 1
github.com/valkey-io/valkey-go/helper.go:35.22,36.44 1 1
github.com/valkey-io/valkey-go/helper.go:38.2,38.14 1 0
github.com/valkey-io/valkey-go/helper.go:42.104,43.20 1 1
github.com/valkey-io/valkey-go/helper.go:43.20,45.3 1 1
github.com/valkey-io/valkey-go/helper.go:47.2,47.23 1 1
github.com/valkey-io/valkey-go/helper.go:48.51,49.79 1 1
github.com/valkey-io/valkey-go/helper.go:52.2,54.24 3 1
github.com/valkey-io/valkey-go/helper.go:54.24,56.3 1 1
github.com/valkey-io/valkey-go/helper.go:57.2,57.46 1 1
github.com/valkey-io/valkey-go/helper.go:61.87,62.19 1 1
github.com/valkey-io/valkey-go/helper.go:62.19,64.3 1 1
github.com/valkey-io/valkey-go/helper.go:66.2,66.23 1 1
github.com/valkey-io/valkey-go/helper.go:67.51,68.80 1 1
github.com/valkey-io/valkey-go/helper.go:71.2,73.24 3 1
github.com/valkey-io/valkey-go/helper.go:73.24,75.3 1 1
github.com/valkey-io/valkey-go/helper.go:76.2,76.40 1 1
github.com/valkey-io/valkey-go/helper.go:80.79,81.20 1 1
github.com/valkey-io/valkey-go/helper.go:81.20,83.3 1 1
github.com/valkey-io/valkey-go/helper.go:85.2,85.23 1 1
github.com/valkey-io/valkey-go/helper.go:86.51,87.39 1 1
github.com/valkey-io/valkey-go/helper.go:90.2,92.25 3 1
github.com/valkey-io/valkey-go/helper.go:92.25,94.3 1 1
github.com/valkey-io/valkey-go/helper.go:95.2,95.40 1 1
github.com/valkey-io/valkey-go/helper.go:99.89,100.19 1 1
github.com/valkey-io/valkey-go/helper.go:100.19,102.3 1 1
github.com/valkey-io/valkey-go/helper.go:104.2,104.23 1 1
github.com/valkey-io/valkey-go/helper.go:105.51,106.82 1 1
github.com/valkey-io/valkey-go/helper.go:109.2,111.24 3 1
github.com/valkey-io/valkey-go/helper.go:111.24,113.3 1 1
github.com/valkey-io/valkey-go/helper.go:114.2,114.40 1 1
github.com/valkey-io/valkey-go/helper.go:118.145,119.20 1 1
github.com/valkey-io/valkey-go/helper.go:119.20,121.3 1 1
github.com/valkey-io/valkey-go/helper.go:122.2,124.24 3 1
github.com/valkey-io/valkey-go/helper.go:124.24,126.3 1 1
github.com/valkey-io/valkey-go/helper.go:127.2,127.48 1 1
github.com/valkey-io/valkey-go/helper.go:131.121,132.20 1 1
github.com/valkey-io/valkey-go/helper.go:132.20,134.3 1 1
github.com/valkey-io/valkey-go/helper.go:136.2,136.23 1 1
github.com/valkey-io/valkey-go/helper.go:137.51,138.94 1 1
github.com/valkey-io/valkey-go/helper.go:141.2,143.24 3 1
github.com/valkey-io/valkey-go/helper.go:143.24,145.3 1 1
github.com/valkey-io/valkey-go/helper.go:146.2,146.46 1 1
github.com/valkey-io/valkey-go/helper.go:150.104,151.19 1 1
github.com/valkey-io/valkey-go/helper.go:151.19,153.3 1 1
github.com/valkey-io/valkey-go/helper.go:155.2,155.23 1 1
github.com/valkey-io/valkey-go/helper.go:156.51,157.82 1 1
github.com/valkey-io/valkey-go/helper.go:160.2,162.24 3 1
github.com/valkey-io/valkey-go/helper.go:162.24,164.3 1 1
github.com/valkey-io/valkey-go/helper.go:165.2,165.40 1 1
github.com/valkey-io/valkey-go/helper.go:169.69,171.16 2 1
github.com/valkey-io/valkey-go/helper.go:171.16,173.3 1 1
github.com/valkey-io/valkey-go/helper.go:175.2,176.27 2 1
github.com/valkey-io/valkey-go/helper.go:176.27,178.41 2 1
github.com/valkey-io/valkey-go/helper.go:178.41,179.24 1 1
github.com/valkey-io/valkey-go/helper.go:179.24,180.13 1 1
github.com/valkey-io/valkey-go/helper.go:182.4,182.14 1 1
github.com/valkey-io/valkey-go/helper.go:184.3,184.12 1 1
github.com/valkey-io/valkey-go/helper.go:186.2,187.12 2 1
github.com/valkey-io/valkey-go/helper.go:190.125,192.16 2 1
github.com/valkey-io/valkey-go/helper.go:192.16,194.3 1 1
github.com/valkey-io/valkey-go/helper.go:195.2,195.77 1 1
github.com/valkey-io/valkey-go/helper.go:198.128,200.24 2 1
github.com/valkey-io/valkey-go/helper.go:200.24,202.3 1 1
github.com/valkey-io/valkey-go/helper.go:203.2,204.23 2 1
github.com/valkey-io/valkey-go/helper.go:204.23,206.3 1 1
github.com/valkey-io/valkey-go/helper.go:207.2,207.21 1 1
github.com/valkey-io/valkey-go/helper.go:207.21,209.3 1 1
github.com/valkey-io/valkey-go/helper.go:210.2,210.12 1 1
github.com/valkey-io/valkey-go/helper.go:213.132,215.24 2 1
github.com/valkey-io/valkey-go/helper.go:215.24,217.3 1 1
github.com/valkey-io/valkey-go/helper.go:218.2,219.21 2 1
github.com/valkey-io/valkey-go/helper.go:219.21,221.3 1 1
github.com/valkey-io/valkey-go/helper.go:222.2,222.12 1 1
github.com/valkey-io/valkey-go/helper.go:225.85,228.25 3 1
github.com/valkey-io/valkey-go/helper.go:228.25,230.3 1 1
github.com/valkey-io/valkey-go/helper.go:231.2,231.12 1 1
github.com/valkey-io/valkey-go/helper.go:234.129,238.29 4 1
github.com/valkey-io/valkey-go/helper.go:238.29,239.47 1 1
github.com/valkey-io/valkey-go/helper.go:239.47,241.4 1 1
github.com/valkey-io/valkey-go/helper.go:242.3,242.26 1 1
github.com/valkey-io/valkey-go/helper.go:244.2,244.17 1 1
github.com/valkey-io/valkey-go/helper.go:247.124,251.29 4 1
github.com/valkey-io/valkey-go/helper.go:251.29,252.47 1 1
github.com/valkey-io/valkey-go/helper.go:252.47,254.4 1 1
github.com/valkey-io/valkey-go/helper.go:255.3,255.26 1 1
github.com/valkey-io/valkey-go/helper.go:257.2,257.17 1 1
github.com/valkey-io/valkey-go/helper.go:260.90,263.29 3 1
github.com/valkey-io/valkey-go/helper.go:263.29,264.78 1 1
github.com/valkey-io/valkey-go/helper.go:264.78,266.4 1 1
github.com/valkey-io/valkey-go/helper.go:268.2,269.12 2 1
github.com/valkey-io/valkey-go/helper.go:272.105,273.27 1 1
github.com/valkey-io/valkey-go/helper.go:273.27,275.3 1 1
github.com/valkey-io/valkey-go/helper.go:276.2,276.10 1 1
github.com/valkey-io/valkey-go/lru.go:35.71,36.33 1 1
github.com/valkey-io/valkey-go/lru.go:36.33,38.3 1 1
github.com/valkey-io/valkey-go/lru.go:38.8,39.10 1 1
github.com/valkey-io/valkey-go/lru.go:40.13,41.37 1 1
github.com/valkey-io/valkey-go/lru.go:42.15,42.15 0 1
github.com/valkey-io/valkey-go/lru.go:45.2,45.21 1 1
github.com/valkey-io/valkey-go/lru.go:65.46,71.2 1 1
github.com/valkey-io/valkey-go/lru.go:73.106,80.31 6 1
github.com/valkey-io/valkey-go/lru.go:80.31,81.38 1 1
github.com/valkey-io/valkey-go/lru.go:81.38,85.4 3 1
github.com/valkey-io/valkey-go/lru.go:87.2,89.57 2 1
github.com/valkey-io/valkey-go/lru.go:89.57,91.45 2 1
github.com/valkey-io/valkey-go/lru.go:91.45,93.21 2 1
github.com/valkey-io/valkey-go/lru.go:93.21,95.5 1 1
github.com/valkey-io/valkey-go/lru.go:96.4,96.17 1 1
github.com/valkey-io/valkey-go/lru.go:98.3,98.14 1 1
github.com/valkey-io/valkey-go/lru.go:101.2,105.32 4 1
github.com/valkey-io/valkey-go/lru.go:105.32,106.21 1 1
github.com/valkey-io/valkey-go/lru.go:106.21,107.12 1 1
github.com/valkey-io/valkey-go/lru.go:109.3,110.20 2 1
github.com/valkey-io/valkey-go/lru.go:112.2,112.37 1 1
github.com/valkey-io/valkey-go/lru.go:112.37,113.81 1 1
github.com/valkey-io/valkey-go/lru.go:113.81,118.12 5 1
github.com/valkey-io/valkey-go/lru.go:119.9,122.4 2 1
github.com/valkey-io/valkey-go/lru.go:124.2,127.1 4 1
github.com/valkey-io/valkey-go/lru.go:128.2,129.14 2 1
github.com/valkey-io/valkey-go/lru.go:132.127,136.27 3 1
github.com/valkey-io/valkey-go/lru.go:136.27,138.33 2 1
github.com/valkey-io/valkey-go/lru.go:138.33,139.40 1 1
github.com/valkey-io/valkey-go/lru.go:139.40,142.19 3 1
github.com/valkey-io/valkey-go/lru.go:142.19,144.6 1 1
github.com/valkey-io/valkey-go/lru.go:144.11,144.39 1 1
github.com/valkey-io/valkey-go/lru.go:144.39,146.6 1 1
github.com/valkey-io/valkey-go/lru.go:146.11,147.16 1 1
github.com/valkey-io/valkey-go/lru.go:149.5,149.57 1 1
github.com/valkey-io/valkey-go/lru.go:149.57,150.22 1 1
github.com/valkey-io/valkey-go/lru.go:150.22,152.7 1 1
github.com/valkey-io/valkey-go/lru.go:153.6,153.32 1 1
github.com/valkey-io/valkey-go/lru.go:155.5,155.13 1 1
github.com/valkey-io/valkey-go/lru.go:159.3,159.20 1 1
github.com/valkey-io/valkey-go/lru.go:159.20,161.4 1 1
github.com/valkey-io/valkey-go/lru.go:162.3,162.29 1 1
github.com/valkey-io/valkey-go/lru.go:164.2,166.20 2 1
github.com/valkey-io/valkey-go/lru.go:166.20,168.20 2 1
github.com/valkey-io/valkey-go/lru.go:168.20,169.30 1 1
github.com/valkey-io/valkey-go/lru.go:169.30,171.5 1 1
github.com/valkey-io/valkey-go/lru.go:173.3,173.16 1 1
github.com/valkey-io/valkey-go/lru.go:176.2,176.22 1 1
github.com/valkey-io/valkey-go/lru.go:176.22,178.3 1 1
github.com/valkey-io/valkey-go/lru.go:180.2,182.20 3 1
github.com/valkey-io/valkey-go/lru.go:182.20,185.3 2 1
github.com/valkey-io/valkey-go/lru.go:186.2,186.27 1 1
github.com/valkey-io/valkey-go/lru.go:186.27,189.10 3 1
github.com/valkey-io/valkey-go/lru.go:189.10,192.4 2 1
github.com/valkey-io/valkey-go/lru.go:193.3,193.39 1 1
github.com/valkey-io/valkey-go/lru.go:193.39,196.18 3 1
github.com/valkey-io/valkey-go/lru.go:196.18,198.5 1 1
github.com/valkey-io/valkey-go/lru.go:198.10,198.38 1 1
github.com/valkey-io/valkey-go/lru.go:198.38,200.5 1 0
github.com/valkey-io/valkey-go/lru.go:200.10,203.15 3 1
github.com/valkey-io/valkey-go/lru.go:205.4,207.12 3 1
github.com/valkey-io/valkey-go/lru.go:210.3,215.6 6 1
github.com/valkey-io/valkey-go/lru.go:217.2,218.19 2 1
github.com/valkey-io/valkey-go/lru.go:221.73,224.32 3 1
github.com/valkey-io/valkey-go/lru.go:224.32,225.39 1 1
github.com/valkey-io/valkey-go/lru.go:225.39,226.52 1 1
github.com/valkey-io/valkey-go/lru.go:226.52,229.34 3 1
github.com/valkey-io/valkey-go/lru.go:229.34,233.6 2 1
github.com/valkey-io/valkey-go/lru.go:234.5,237.14 4 1
github.com/valkey-io/valkey-go/lru.go:240.4,241.37 2 1
github.com/valkey-io/valkey-go/lru.go:241.37,242.53 1 1
github.com/valkey-io/valkey-go/lru.go:242.53,244.53 2 1
github.com/valkey-io/valkey-go/lru.go:244.53,246.7 1 1
github.com/valkey-io/valkey-go/lru.go:247.6,248.22 2 1
github.com/valkey-io/valkey-go/lru.go:250.5,250.21 1 1
github.com/valkey-io/valkey-go/lru.go:254.2,255.15 2 1
github.com/valkey-io/valkey-go/lru.go:255.15,257.3 1 1
github.com/valkey-io/valkey-go/lru.go:258.2,258.8 1 1
github.com/valkey-io/valkey-go/lru.go:261.50,264.32 3 1
github.com/valkey-io/valkey-go/lru.go:264.32,265.39 1 1
github.com/valkey-io/valkey-go/lru.go:265.39,266.52 1 1
github.com/valkey-io/valkey-go/lru.go:266.52,269.50 3 1
github.com/valkey-io/valkey-go/lru.go:269.50,271.6 1 1
github.com/valkey-io/valkey-go/lru.go:272.5,272.23 1 1
github.com/valkey-io/valkey-go/lru.go:276.2,277.15 2 1
github.com/valkey-io/valkey-go/lru.go:277.15,279.3 1 1
github.com/valkey-io/valkey-go/lru.go:282.59,284.56 2 1
github.com/valkey-io/valkey-go/lru.go:284.56,286.3 1 1
github.com/valkey-io/valkey-go/lru.go:287.2,287.14 1 1
github.com/valkey-io/valkey-go/lru.go:287.14,289.3 1 1
github.com/valkey-io/valkey-go/lru.go:290.2,291.8 2 1
github.com/valkey-io/valkey-go/lru.go:294.47,295.15 1 1
github.com/valkey-io/valkey-go/lru.go:295.15,296.34 1 1
github.com/valkey-io/valkey-go/lru.go:296.34,297.18 1 1
github.com/valkey-io/valkey-go/lru.go:297.18,299.23 2 1
github.com/valkey-io/valkey-go/lru.go:299.23,300.14 1 1
github.com/valkey-io/valkey-go/lru.go:302.5,303.21 2 1
github.com/valkey-io/valkey-go/lru.go:305.4,305.49 1 1
github.com/valkey-io/valkey-go/lru.go:305.49,307.5 1 1
github.com/valkey-io/valkey-go/lru.go:312.44,314.17 2 1
github.com/valkey-io/valkey-go/lru.go:314.17,315.32 1 1
github.com/valkey-io/valkey-go/lru.go:315.32,317.4 1 1
github.com/valkey-io/valkey-go/lru.go:318.8,319.26 1 1
github.com/valkey-io/valkey-go/lru.go:319.26,321.4 1 1
github.com/valkey-io/valkey-go/lru.go:323.2,323.15 1 1
github.com/valkey-io/valkey-go/lru.go:326.32,328.29 2 1
github.com/valkey-io/valkey-go/lru.go:328.29,329.32 1 1
github.com/valkey-io/valkey-go/lru.go:329.32,330.18 1 1
github.com/valkey-io/valkey-go/lru.go:330.18,331.53 1 1
github.com/valkey-io/valkey-go/lru.go:331.53,334.6 2 1
github.com/valkey-io/valkey-go/lru.go:338.2,340.15 3 1
github.com/valkey-io/valkey-go/lua.go:14.39,16.2 1 1
github.com/valkey-io/valkey-go/lua.go:19.47,21.2 1 1
github.com/valkey-io/valkey-go/lua.go:27.44,29.2 1 1
github.com/valkey-io/valkey-go/lua.go:35.52,37.2 1 1
github.com/valkey-io/valkey-go/lua.go:39.67,41.13 2 1
github.com/valkey-io/valkey-go/lua.go:41.13,45.3 2 1
github.com/valkey-io/valkey-go/lua.go:46.2,52.3 1 1
github.com/valkey-io/valkey-go/lua.go:68.92,70.15 2 1
github.com/valkey-io/valkey-go/lua.go:70.15,71.17 1 1
github.com/valkey-io/valkey-go/lua.go:71.17,73.4 1 1
github.com/valkey-io/valkey-go/lua.go:73.9,75.4 1 1
github.com/valkey-io/valkey-go/lua.go:76.3,77.41 2 1
github.com/valkey-io/valkey-go/lua.go:79.2,79.28 1 1
github.com/valkey-io/valkey-go/lua.go:79.28,80.17 1 1
github.com/valkey-io/valkey-go/lua.go:80.17,82.4 1 1
github.com/valkey-io/valkey-go/lua.go:82.9,84.4 1 1
github.com/valkey-io/valkey-go/lua.go:86.2,86.13 1 1
github.com/valkey-io/valkey-go/lua.go:99.96,100.15 1 1
github.com/valkey-io/valkey-go/lua.go:100.15,102.55 2 1
github.com/valkey-io/valkey-go/lua.go:102.55,103.89 1 1
github.com/valkey-io/valkey-go/lua.go:103.89,105.5 1 1
github.com/valkey-io/valkey-go/lua.go:107.3,107.34 1 1
github.com/valkey-io/valkey-go/lua.go:107.34,109.35 2 1
github.com/valkey-io/valkey-go/lua.go:109.35,111.5 1 1
github.com/valkey-io/valkey-go/lua.go:112.4,112.10 1 1
github.com/valkey-io/valkey-go/lua.go:115.2,116.26 2 1
github.com/valkey-io/valkey-go/lua.go:116.26,117.16 1 1
github.com/valkey-io/valkey-go/lua.go:117.16,118.18 1 1
github.com/valkey-io/valkey-go/lua.go:118.18,120.5 1 1
github.com/valkey-io/valkey-go/lua.go:120.10,122.5 1 1
github.com/valkey-io/valkey-go/lua.go:123.9,124.18 1 1
github.com/valkey-io/valkey-go/lua.go:124.18,126.5 1 1
github.com/valkey-io/valkey-go/lua.go:126.10,128.5 1 1
github.com/valkey-io/valkey-go/lua.go:131.2,131.32 1 1
github.com/valkey-io/valkey-go/message.go:29.34,31.2 1 1
github.com/valkey-io/valkey-go/message.go:34.33,36.2 1 1
github.com/valkey-io/valkey-go/message.go:39.40,40.39 1 1
github.com/valkey-io/valkey-go/message.go:40.39,42.3 1 1
github.com/valkey-io/valkey-go/message.go:43.2,43.14 1 1
github.com/valkey-io/valkey-go/message.go:47.57,50.2 2 1
github.com/valkey-io/valkey-go/message.go:56.39,57.20 1 1
github.com/valkey-io/valkey-go/message.go:57.20,59.3 1 1
github.com/valkey-io/valkey-go/message.go:60.2,60.41 1 1
github.com/valkey-io/valkey-go/message.go:63.38,64.15 1 1
github.com/valkey-io/valkey-go/message.go:64.15,66.3 1 1
github.com/valkey-io/valkey-go/message.go:67.2,67.19 1 1
github.com/valkey-io/valkey-go/message.go:71.36,73.2 1 1
github.com/valkey-io/valkey-go/message.go:76.56,77.53 1 1
github.com/valkey-io/valkey-go/message.go:77.53,79.3 1 1
github.com/valkey-io/valkey-go/message.go:80.2,80.8 1 1
github.com/valkey-io/valkey-go/message.go:84.54,85.51 1 1
github.com/valkey-io/valkey-go/message.go:85.51,87.3 1 1
github.com/valkey-io/valkey-go/message.go:88.2,88.8 1 1
github.com/valkey-io/valkey-go/message.go:91.42,92.73 1 1
github.com/valkey-io/valkey-go/message.go:92.73,93.52 1 1
github.com/valkey-io/valkey-go/message.go:93.52,95.4 1 1
github.com/valkey-io/valkey-go/message.go:97.2,97.13 1 1
github.com/valkey-io/valkey-go/message.go:101.41,103.2 1 1
github.com/valkey-io/valkey-go/message.go:106.40,108.2 1 1
github.com/valkey-io/valkey-go/message.go:111.44,113.2 1 1
github.com/valkey-io/valkey-go/message.go:116.41,118.2 1 1
github.com/valkey-io/valkey-go/message.go:121.42,123.2 1 1
github.com/valkey-io/valkey-go/message.go:125.59,127.2 1 1
github.com/valkey-io/valkey-go/message.go:129.43,131.2 1 1
github.com/valkey-io/valkey-go/message.go:141.46,143.2 1 1
github.com/valkey-io/valkey-go/message.go:146.43,147.18 1 1
github.com/valkey-io/valkey-go/message.go:147.18,149.3 1 1
github.com/valkey-io/valkey-go/message.go:149.8,151.3 1 1
github.com/valkey-io/valkey-go/message.go:152.2,152.8 1 1
github.com/valkey-io/valkey-go/message.go:156.64,157.18 1 1
github.com/valkey-io/valkey-go/message.go:157.18,159.3 1 1
github.com/valkey-io/valkey-go/message.go:159.8,161.3 1 1
github.com/valkey-io/valkey-go/message.go:162.2,162.19 1 1
github.com/valkey-io/valkey-go/message.go:166.54,167.18 1 1
github.com/valkey-io/valkey-go/message.go:167.18,169.3 1 1
github.com/valkey-io/valkey-go/message.go:169.8,171.3 1 1
github.com/valkey-io/valkey-go/message.go:172.2,172.8 1 1
github.com/valkey-io/valkey-go/message.go:176.52,177.18 1 1
github.com/valkey-io/valkey-go/message.go:177.18,179.3 1 1
github.com/valkey-io/valkey-go/message.go:179.8,181.3 1 1
github.com/valkey-io/valkey-go/message.go:182.2,182.8 1 1
github.com/valkey-io/valkey-go/message.go:186.58,187.18 1 1
github.com/valkey-io/valkey-go/message.go:187.18,189.3 1 1
github.com/valkey-io/valkey-go/message.go:189.8,191.3 1 1
github.com/valkey-io/valkey-go/message.go:192.2,192.8 1 1
github.com/valkey-io/valkey-go/message.go:196.56,197.18 1 1
github.com/valkey-io/valkey-go/message.go:197.18,199.3 1 1
github.com/valkey-io/valkey-go/message.go:199.8,201.3 1 1
github.com/valkey-io/valkey-go/message.go:202.2,202.8 1 1
github.com/valkey-io/valkey-go/message.go:206.59,207.18 1 1
github.com/valkey-io/valkey-go/message.go:207.18,209.3 1 1
github.com/valkey-io/valkey-go/message.go:209.8,211.3 1 1
github.com/valkey-io/valkey-go/message.go:212.2,212.8 1 1
github.com/valkey-io/valkey-go/message.go:216.55,217.18 1 1
github.com/valkey-io/valkey-go/message.go:217.18,219.3 1 1
github.com/valkey-io/valkey-go/message.go:219.8,221.3 1 1
github.com/valkey-io/valkey-go/message.go:222.2,222.8 1 1
github.com/valkey-io/valkey-go/message.go:226.53,227.18 1 1
github.com/valkey-io/valkey-go/message.go:227.18,229.3 1 1
github.com/valkey-io/valkey-go/message.go:229.8,231.3 1 1
github.com/valkey-io/valkey-go/message.go:232.2,232.8 1 1
github.com/valkey-io/valkey-go/message.go:236.54,237.18 1 1
github.com/valkey-io/valkey-go/message.go:237.18,239.3 1 1
github.com/valkey-io/valkey-go/message.go:239.8,241.3 1 1
github.com/valkey-io/valkey-go/message.go:242.2,242.8 1 1
github.com/valkey-io/valkey-go/message.go:246.56,247.18 1 1
github.com/valkey-io/valkey-go/message.go:247.18,249.3 1 1
github.com/valkey-io/valkey-go/message.go:249.8,251.3 1 1
github.com/valkey-io/valkey-go/message.go:252.2,252.8 1 1
github.com/valkey-io/valkey-go/message.go:256.52,257.18 1 1
github.com/valkey-io/valkey-go/message.go:257.18,259.3 1 1
github.com/valkey-io/valkey-go/message.go:259.8,261.3 1 1
github.com/valkey-io/valkey-go/message.go:262.2,262.8 1 1
github.com/valkey-io/valkey-go/message.go:266.58,267.18 1 1
github.com/valkey-io/valkey-go/message.go:267.18,269.3 1 1
github.com/valkey-io/valkey-go/message.go:269.8,271.3 1 1
github.com/valkey-io/valkey-go/message.go:272.2,272.8 1 1
github.com/valkey-io/valkey-go/message.go:276.64,277.18 1 1
github.com/valkey-io/valkey-go/message.go:277.18,279.3 1 1
github.com/valkey-io/valkey-go/message.go:279.8,281.3 1 1
github.com/valkey-io/valkey-go/message.go:282.2,282.8 1 1
github.com/valkey-io/valkey-go/message.go:286.60,287.18 1 1
github.com/valkey-io/valkey-go/message.go:287.18,289.3 1 1
github.com/valkey-io/valkey-go/message.go:289.8,291.3 1 1
github.com/valkey-io/valkey-go/message.go:292.2,292.8 1 1
github.com/valkey-io/valkey-go/message.go:296.59,297.18 1 1
github.com/valkey-io/valkey-go/message.go:297.18,299.3 1 1
github.com/valkey-io/valkey-go/message.go:299.8,301.3 1 1
github.com/valkey-io/valkey-go/message.go:302.2,302.8 1 1
github.com/valkey-io/valkey-go/message.go:306.63,307.18 1 1
github.com/valkey-io/valkey-go/message.go:307.18,309.3 1 1
github.com/valkey-io/valkey-go/message.go:309.8,311.3 1 1
github.com/valkey-io/valkey-go/message.go:312.2,312.8 1 1
github.com/valkey-io/valkey-go/message.go:316.59,317.18 1 1
github.com/valkey-io/valkey-go/message.go:317.18,319.3 1 1
github.com/valkey-io/valkey-go/message.go:319.8,321.3 1 1
github.com/valkey-io/valkey-go/message.go:322.2,322.8 1 1
github.com/valkey-io/valkey-go/message.go:326.66,327.18 1 1
github.com/valkey-io/valkey-go/message.go:327.18,329.3 1 1
github.com/valkey-io/valkey-go/message.go:329.8,331.3 1 1
github.com/valkey-io/valkey-go/message.go:332.2,332.8 1 1
github.com/valkey-io/valkey-go/message.go:336.63,337.18 1 1
github.com/valkey-io/valkey-go/message.go:337.18,339.3 1 1
github.com/valkey-io/valkey-go/message.go:339.8,341.3 1 1
github.com/valkey-io/valkey-go/message.go:342.2,342.8 1 1
github.com/valkey-io/valkey-go/message.go:346.56,347.18 1 1
github.com/valkey-io/valkey-go/message.go:347.18,349.3 1 1
github.com/valkey-io/valkey-go/message.go:349.8,351.3 1 1
github.com/valkey-io/valkey-go/message.go:352.2,352.8 1 1
github.com/valkey-io/valkey-go/message.go:356.59,357.18 1 1
github.com/valkey-io/valkey-go/message.go:357.18,359.3 1 1
github.com/valkey-io/valkey-go/message.go:359.8,361.3 1 1
github.com/valkey-io/valkey-go/message.go:362.2,362.8 1 1
github.com/valkey-io/valkey-go/message.go:366.73,367.18 1 1
github.com/valkey-io/valkey-go/message.go:367.18,369.3 1 1
github.com/valkey-io/valkey-go/message.go:369.8,371.3 1 1
github.com/valkey-io/valkey-go/message.go:372.2,372.8 1 1
github.com/valkey-io/valkey-go/message.go:376.66,377.18 1 1
github.com/valkey-io/valkey-go/message.go:377.18,379.3 1 1
github.com/valkey-io/valkey-go/message.go:379.8,381.3 1 1
github.com/valkey-io/valkey-go/message.go:382.2,382.8 1 1
github.com/valkey-io/valkey-go/message.go:386.69,387.18 1 1
github.com/valkey-io/valkey-go/message.go:387.18,389.3 1 1
github.com/valkey-io/valkey-go/message.go:389.8,391.3 1 1
github.com/valkey-io/valkey-go/message.go:392.2,392.8 1 1
github.com/valkey-io/valkey-go/message.go:396.79,397.18 1 1
github.com/valkey-io/valkey-go/message.go:397.18,399.3 1 1
github.com/valkey-io/valkey-go/message.go:399.8,401.3 1 1
github.com/valkey-io/valkey-go/message.go:402.2,402.8 1 1
github.com/valkey-io/valkey-go/message.go:405.58,406.18 1 1
github.com/valkey-io/valkey-go/message.go:406.18,408.3 1 1
github.com/valkey-io/valkey-go/message.go:408.8,410.3 1 1
github.com/valkey-io/valkey-go/message.go:411.2,411.8 1 1
github.com/valkey-io/valkey-go/message.go:415.59,416.18 1 1
github.com/valkey-io/valkey-go/message.go:416.18,418.3 1 1
github.com/valkey-io/valkey-go/message.go:418.8,420.3 1 1
github.com/valkey-io/valkey-go/message.go:421.2,421.8 1 1
github.com/valkey-io/valkey-go/message.go:424.81,425.18 1 1
github.com/valkey-io/valkey-go/message.go:425.18,427.3 1 1
github.com/valkey-io/valkey-go/message.go:427.8,429.3 1 1
github.com/valkey-io/valkey-go/message.go:430.2,430.8 1 1
github.com/valkey-io/valkey-go/message.go:433.90,434.18 1 1
github.com/valkey-io/valkey-go/message.go:434.18,436.3 1 1
github.com/valkey-io/valkey-go/message.go:436.8,438.3 1 1
github.com/valkey-io/valkey-go/message.go:439.2,439.8 1 1
github.com/valkey-io/valkey-go/message.go:442.104,443.18 1 1
github.com/valkey-io/valkey-go/message.go:443.18,445.3 1 1
github.com/valkey-io/valkey-go/message.go:445.8,447.3 1 1
github.com/valkey-io/valkey-go/message.go:448.2,448.8 1 1
github.com/valkey-io/valkey-go/message.go:451.74,452.18 1 1
github.com/valkey-io/valkey-go/message.go:452.18,454.3 1 1
github.com/valkey-io/valkey-go/message.go:454.8,456.3 1 1
github.com/valkey-io/valkey-go/message.go:457.2,457.8 1 1
github.com/valkey-io/valkey-go/message.go:461.71,462.18 1 1
github.com/valkey-io/valkey-go/message.go:462.18,464.3 1 1
github.com/valkey-io/valkey-go/message.go:464.8,466.3 1 1
github.com/valkey-io/valkey-go/message.go:467.2,467.8 1 1
github.com/valkey-io/valkey-go/message.go:471.67,472.18 1 1
github.com/valkey-io/valkey-go/message.go:472.18,474.3 1 1
github.com/valkey-io/valkey-go/message.go:474.8,476.3 1 1
github.com/valkey-io/valkey-go/message.go:477.2,477.8 1 1
github.com/valkey-io/valkey-go/message.go:481.66,482.18 1 1
github.com/valkey-io/valkey-go/message.go:482.18,484.3 1 1
github.com/valkey-io/valkey-go/message.go:484.8,486.3 1 1
github.com/valkey-io/valkey-go/message.go:487.2,487.8 1 1
github.com/valkey-io/valkey-go/message.go:491.62,492.18 1 1
github.com/valkey-io/valkey-go/message.go:492.18,494.3 1 1
github.com/valkey-io/valkey-go/message.go:494.8,496.3 1 1
github.com/valkey-io/valkey-go/message.go:497.2,497.8 1 1
github.com/valkey-io/valkey-go/message.go:501.71,502.18 1 1
github.com/valkey-io/valkey-go/message.go:502.18,504.3 1 1
github.com/valkey-io/valkey-go/message.go:504.8,506.3 1 1
github.com/valkey-io/valkey-go/message.go:507.2,507.8 1 1
github.com/valkey-io/valkey-go/message.go:511.50,512.18 1 1
github.com/valkey-io/valkey-go/message.go:512.18,514.3 1 1
github.com/valkey-io/valkey-go/message.go:514.8,516.3 1 1
github.com/valkey-io/valkey-go/message.go:517.2,517.8 1 1
github.com/valkey-io/valkey-go/message.go:521.41,523.2 1 1
github.com/valkey-io/valkey-go/message.go:526.40,528.2 1 1
github.com/valkey-io/valkey-go/message.go:531.41,533.2 1 1
github.com/valkey-io/valkey-go/message.go:536.41,538.2 1 1
github.com/valkey-io/valkey-go/message.go:541.40,544.2 2 1
github.com/valkey-io/valkey-go/message.go:549.60,555.18 3 1
github.com/valkey-io/valkey-go/message.go:555.18,557.3 1 1
github.com/valkey-io/valkey-go/message.go:557.8,559.3 1 1
github.com/valkey-io/valkey-go/message.go:560.2,560.26 1 1
github.com/valkey-io/valkey-go/message.go:576.41,577.20 1 1
github.com/valkey-io/valkey-go/message.go:577.20,579.3 1 1
github.com/valkey-io/valkey-go/message.go:580.2,580.41 1 1
github.com/valkey-io/valkey-go/message.go:583.50,584.20 1 1
github.com/valkey-io/valkey-go/message.go:584.20,586.3 1 1
github.com/valkey-io/valkey-go/message.go:587.2,587.40 1 1
github.com/valkey-io/valkey-go/message.go:590.45,593.2 2 1
github.com/valkey-io/valkey-go/message.go:595.59,598.2 2 1
github.com/valkey-io/valkey-go/message.go:600.41,602.15 2 1
github.com/valkey-io/valkey-go/message.go:603.39,603.39 0 1
github.com/valkey-io/valkey-go/message.go:604.35,605.34 1 1
github.com/valkey-io/valkey-go/message.go:605.34,607.4 1 1
github.com/valkey-io/valkey-go/message.go:608.10,609.23 1 1
github.com/valkey-io/valkey-go/message.go:611.2,611.10 1 1
github.com/valkey-io/valkey-go/message.go:614.52,617.15 3 1
github.com/valkey-io/valkey-go/message.go:618.39,620.18 2 1
github.com/valkey-io/valkey-go/message.go:621.35,624.34 3 1
github.com/valkey-io/valkey-go/message.go:624.34,626.4 1 1
github.com/valkey-io/valkey-go/message.go:627.10,630.28 3 1
github.com/valkey-io/valkey-go/message.go:636.75,638.27 2 1
github.com/valkey-io/valkey-go/message.go:638.27,640.3 1 1
github.com/valkey-io/valkey-go/message.go:641.2,645.15 5 1
github.com/valkey-io/valkey-go/message.go:646.39,647.18 1 1
github.com/valkey-io/valkey-go/message.go:648.35,650.29 2 1
github.com/valkey-io/valkey-go/message.go:650.29,651.64 1 1
github.com/valkey-io/valkey-go/message.go:651.64,652.10 1 1
github.com/valkey-io/valkey-go/message.go:655.10,656.31 1 1
github.com/valkey-io/valkey-go/message.go:656.31,658.4 1 1
github.com/valkey-io/valkey-go/message.go:659.3,660.12 2 1
github.com/valkey-io/valkey-go/message.go:662.2,662.15 1 1
github.com/valkey-io/valkey-go/message.go:666.41,668.2 1 1
github.com/valkey-io/valkey-go/message.go:673.57,674.16 1 1
github.com/valkey-io/valkey-go/message.go:674.16,676.3 1 1
github.com/valkey-io/valkey-go/message.go:677.2,680.18 4 1
github.com/valkey-io/valkey-go/message.go:685.62,686.18 1 1
github.com/valkey-io/valkey-go/message.go:686.18,688.3 1 1
github.com/valkey-io/valkey-go/message.go:689.2,690.51 2 1
github.com/valkey-io/valkey-go/message.go:690.51,692.3 1 1
github.com/valkey-io/valkey-go/message.go:693.2,694.12 2 1
github.com/valkey-io/valkey-go/message.go:698.38,700.2 1 1
github.com/valkey-io/valkey-go/message.go:703.40,705.2 1 1
github.com/valkey-io/valkey-go/message.go:708.42,710.2 1 1
github.com/valkey-io/valkey-go/message.go:713.41,715.2 1 1
github.com/valkey-io/valkey-go/message.go:718.39,720.2 1 1
github.com/valkey-io/valkey-go/message.go:723.40,725.2 1 1
github.com/valkey-io/valkey-go/message.go:728.38,730.2 1 1
github.com/valkey-io/valkey-go/message.go:733.39,734.23 1 1
github.com/valkey-io/valkey-go/message.go:734.23,736.3 1 1
github.com/valkey-io/valkey-go/message.go:737.2,737.52 1 1
github.com/valkey-io/valkey-go/message.go:737.52,742.3 3 1
github.com/valkey-io/valkey-go/message.go:743.2,743.12 1 1
github.com/valkey-io/valkey-go/message.go:747.60,748.18 1 1
github.com/valkey-io/valkey-go/message.go:748.18,750.3 1 1
github.com/valkey-io/valkey-go/message.go:751.2,751.35 1 1
github.com/valkey-io/valkey-go/message.go:751.35,754.3 2 1
github.com/valkey-io/valkey-go/message.go:755.2,755.30 1 1
github.com/valkey-io/valkey-go/message.go:759.66,761.16 2 1
github.com/valkey-io/valkey-go/message.go:761.16,763.3 1 1
github.com/valkey-io/valkey-go/message.go:764.2,764.36 1 1
github.com/valkey-io/valkey-go/message.go:768.58,770.16 2 1
github.com/valkey-io/valkey-go/message.go:770.16,772.3 1 1
github.com/valkey-io/valkey-go/message.go:773.2,773.60 1 1
github.com/valkey-io/valkey-go/message.go:777.55,779.16 2 1
github.com/valkey-io/valkey-go/message.go:779.16,781.3 1 1
github.com/valkey-io/valkey-go/message.go:782.2,783.26 2 1
github.com/valkey-io/valkey-go/message.go:787.58,788.17 1 1
github.com/valkey-io/valkey-go/message.go:788.17,790.3 1 1
github.com/valkey-io/valkey-go/message.go:791.2,792.16 2 1
github.com/valkey-io/valkey-go/message.go:792.16,794.3 1 1
github.com/valkey-io/valkey-go/message.go:795.2,795.36 1 1
github.com/valkey-io/valkey-go/message.go:799.60,800.17 1 1
github.com/valkey-io/valkey-go/message.go:800.17,802.3 1 1
github.com/valkey-io/valkey-go/message.go:803.2,804.16 2 1
github.com/valkey-io/valkey-go/message.go:804.16,806.3 1 1
github.com/valkey-io/valkey-go/message.go:807.2,807.37 1 1
github.com/valkey-io/valkey-go/message.go:811.56,812.33 1 1
github.com/valkey-io/valkey-go/message.go:812.33,814.3 1 1
github.com/valkey-io/valkey-go/message.go:815.2,815.15 1 1
github.com/valkey-io/valkey-go/message.go:816.40,818.9 2 1
github.com/valkey-io/valkey-go/message.go:819.19,821.9 2 1
github.com/valkey-io/valkey-go/message.go:822.16,824.9 2 1
github.com/valkey-io/valkey-go/message.go:825.10,827.112 2 1
github.com/valkey-io/valkey-go/message.go:832.62,833.19 1 1
github.com/valkey-io/valkey-go/message.go:833.19,835.3 1 1
github.com/valkey-io/valkey-go/message.go:836.2,837.16 2 1
github.com/valkey-io/valkey-go/message.go:837.16,839.3 1 1
github.com/valkey-io/valkey-go/message.go:840.2,840.26 1 1
github.com/valkey-io/valkey-go/message.go:844.58,845.17 1 1
github.com/valkey-io/valkey-go/message.go:845.17,847.3 1 1
github.com/valkey-io/valkey-go/message.go:848.2,848.33 1 1
github.com/valkey-io/valkey-go/message.go:848.33,850.3 1 1
github.com/valkey-io/valkey-go/message.go:851.2,852.99 2 1
github.com/valkey-io/valkey-go/message.go:856.56,857.16 1 1
github.com/valkey-io/valkey-go/message.go:857.16,859.3 1 1
github.com/valkey-io/valkey-go/message.go:860.2,860.33 1 1
github.com/valkey-io/valkey-go/message.go:860.33,862.3 1 1
github.com/valkey-io/valkey-go/message.go:863.2,864.102 2 1
github.com/valkey-io/valkey-go/message.go:868.62,869.19 1 1
github.com/valkey-io/valkey-go/message.go:869.19,871.3 1 1
github.com/valkey-io/valkey-go/message.go:872.2,872.33 1 1
github.com/valkey-io/valkey-go/message.go:872.33,874.3 1 1
github.com/valkey-io/valkey-go/message.go:875.2,876.101 2 1
github.com/valkey-io/valkey-go/message.go:880.60,881.17 1 1
github.com/valkey-io/valkey-go/message.go:881.17,883.3 1 1
github.com/valkey-io/valkey-go/message.go:884.2,884.34 1 1
github.com/valkey-io/valkey-go/message.go:884.34,886.3 1 1
github.com/valkey-io/valkey-go/message.go:887.2,888.95 2 1
github.com/valkey-io/valkey-go/message.go:893.56,895.16 2 1
github.com/valkey-io/valkey-go/message.go:895.16,897.3 1 1
github.com/valkey-io/valkey-go/message.go:898.2,899.27 2 1
github.com/valkey-io/valkey-go/message.go:899.27,901.3 1 1
github.com/valkey-io/valkey-go/message.go:902.2,902.15 1 1
github.com/valkey-io/valkey-go/message.go:907.55,909.16 2 1
github.com/valkey-io/valkey-go/message.go:909.16,911.3 1 1
github.com/valkey-io/valkey-go/message.go:912.2,913.27 2 1
github.com/valkey-io/valkey-go/message.go:913.27,914.27 1 1
github.com/valkey-io/valkey-go/message.go:914.27,915.68 1 1
github.com/valkey-io/valkey-go/message.go:915.68,917.5 1 1
github.com/valkey-io/valkey-go/message.go:918.9,920.4 1 1
github.com/valkey-io/valkey-go/message.go:922.2,922.15 1 1
github.com/valkey-io/valkey-go/message.go:927.59,929.16 2 1
github.com/valkey-io/valkey-go/message.go:929.16,931.3 1 1
github.com/valkey-io/valkey-go/message.go:932.2,933.27 2 1
github.com/valkey-io/valkey-go/message.go:933.27,934.27 1 1
github.com/valkey-io/valkey-go/message.go:934.27,935.58 1 1
github.com/valkey-io/valkey-go/message.go:935.58,937.5 1 1
github.com/valkey-io/valkey-go/message.go:938.9,940.4 1 1
github.com/valkey-io/valkey-go/message.go:942.2,942.15 1 1
github.com/valkey-io/valkey-go/message.go:947.55,949.16 2 1
github.com/valkey-io/valkey-go/message.go:949.16,951.3 1 1
[...]
github.com/valkey-io/valkey-go/sentinel.go:185.3,185.18 1 1
github.com/valkey-io/valkey-go/sentinel.go:185.18,188.16 3 1
github.com/valkey-io/valkey-go/sentinel.go:191.2,191.13 1 1
github.com/valkey-io/valkey-go/sentinel.go:191.13,192.32 1 1
github.com/valkey-io/valkey-go/sentinel.go:192.32,193.40 1 1
github.com/valkey-io/valkey-go/sentinel.go:193.40,197.20 2 1
github.com/valkey-io/valkey-go/sentinel.go:197.20,200.16 3 1
github.com/valkey-io/valkey-go/sentinel.go:205.2,205.28 1 1
github.com/valkey-io/valkey-go/sentinel.go:205.28,206.81 1 1
github.com/valkey-io/valkey-go/sentinel.go:206.81,208.4 1 1
github.com/valkey-io/valkey-go/sentinel.go:210.2,210.16 1 1
github.com/valkey-io/valkey-go/sentinel.go:213.116,215.1 2 1
github.com/valkey-io/valkey-go/sentinel.go:216.2,217.27 2 1
github.com/valkey-io/valkey-go/sentinel.go:217.27,218.13 1 1
github.com/valkey-io/valkey-go/sentinel.go:220.2,220.13 1 1
github.com/valkey-io/valkey-go/sentinel.go:220.13,221.66 1 1
github.com/valkey-io/valkey-go/sentinel.go:221.66,225.19 2 1
github.com/valkey-io/valkey-go/sentinel.go:225.19,227.15 2 1
github.com/valkey-io/valkey-go/sentinel.go:231.2,231.16 1 1
github.com/valkey-io/valkey-go/sentinel.go:231.16,233.3 1 1
github.com/valkey-io/valkey-go/sentinel.go:234.2,234.12 1 1
github.com/valkey-io/valkey-go/sentinel.go:237.90,241.2 3 1
github.com/valkey-io/valkey-go/sentinel.go:243.105,244.21 1 1
github.com/valkey-io/valkey-go/sentinel.go:244.21,246.3 1 1
github.com/valkey-io/valkey-go/sentinel.go:247.2,248.28 2 1
github.com/valkey-io/valkey-go/sentinel.go:248.28,250.3 1 1
github.com/valkey-io/valkey-go/sentinel.go:251.2,251.10 1 1
github.com/valkey-io/valkey-go/sentinel.go:254.80,261.2 6 1
github.com/valkey-io/valkey-go/sentinel.go:263.63,268.2 4 1
github.com/valkey-io/valkey-go/sentinel.go:270.52,274.2 3 1
github.com/valkey-io/valkey-go/sentinel.go:276.44,278.2 1 1
github.com/valkey-io/valkey-go/sentinel.go:280.34,283.20 3 1
github.com/valkey-io/valkey-go/sentinel.go:283.20,285.3 1 1
github.com/valkey-io/valkey-go/sentinel.go:286.2,286.45 1 1
github.com/valkey-io/valkey-go/sentinel.go:286.45,288.3 1 1
github.com/valkey-io/valkey-go/sentinel.go:289.2,289.15 1 1
github.com/valkey-io/valkey-go/sentinel.go:292.84,293.113 1 1
github.com/valkey-io/valkey-go/sentinel.go:293.113,295.3 1 1
github.com/valkey-io/valkey-go/sentinel.go:296.2,296.39 1 1
github.com/valkey-io/valkey-go/sentinel.go:296.39,298.3 1 1
github.com/valkey-io/valkey-go/sentinel.go:299.2,299.13 1 1
github.com/valkey-io/valkey-go/sentinel.go:302.51,306.2 3 1
github.com/valkey-io/valkey-go/sentinel.go:308.52,309.55 1 1
github.com/valkey-io/valkey-go/sentinel.go:309.55,310.31 1 1
github.com/valkey-io/valkey-go/sentinel.go:310.31,312.4 1 1
github.com/valkey-io/valkey-go/sentinel.go:314.2,314.29 1 1
github.com/valkey-io/valkey-go/sentinel.go:317.57,321.16 4 1
github.com/valkey-io/valkey-go/sentinel.go:321.16,323.3 1 1
github.com/valkey-io/valkey-go/sentinel.go:326.65,328.37 2 1
github.com/valkey-io/valkey-go/sentinel.go:328.37,330.3 1 1
github.com/valkey-io/valkey-go/sentinel.go:331.2,331.21 1 1
github.com/valkey-io/valkey-go/sentinel.go:331.21,333.28 2 1
github.com/valkey-io/valkey-go/sentinel.go:333.28,335.4 1 1
github.com/valkey-io/valkey-go/sentinel.go:337.2,337.19 1 1
github.com/valkey-io/valkey-go/sentinel.go:337.19,339.38 2 1
github.com/valkey-io/valkey-go/sentinel.go:339.38,341.4 1 1
github.com/valkey-io/valkey-go/sentinel.go:344.2,345.16 2 1
github.com/valkey-io/valkey-go/sentinel.go:345.16,348.3 2 1
github.com/valkey-io/valkey-go/sentinel.go:350.2,350.46 1 1
github.com/valkey-io/valkey-go/sentinel.go:350.46,353.3 2 1
github.com/valkey-io/valkey-go/sentinel.go:353.8,353.55 1 1
github.com/valkey-io/valkey-go/sentinel.go:353.55,356.3 2 1
github.com/valkey-io/valkey-go/sentinel.go:358.2,359.45 2 1
github.com/valkey-io/valkey-go/sentinel.go:359.45,360.41 1 1
github.com/valkey-io/valkey-go/sentinel.go:360.41,362.4 1 1
github.com/valkey-io/valkey-go/sentinel.go:364.2,364.12 1 1
github.com/valkey-io/valkey-go/sentinel.go:367.41,368.1 1 1
github.com/valkey-io/valkey-go/sentinel.go:369.2,369.36 1 1
github.com/valkey-io/valkey-go/sentinel.go:369.36,370.13 1 1
github.com/valkey-io/valkey-go/sentinel.go:374.48,376.2 1 1
github.com/valkey-io/valkey-go/sentinel.go:378.49,384.27 5 1
github.com/valkey-io/valkey-go/sentinel.go:384.27,385.38 1 1
github.com/valkey-io/valkey-go/sentinel.go:385.38,388.4 2 1
github.com/valkey-io/valkey-go/sentinel.go:389.3,391.66 2 1
github.com/valkey-io/valkey-go/sentinel.go:391.66,392.22 1 1
github.com/valkey-io/valkey-go/sentinel.go:392.22,394.5 1 1
github.com/valkey-io/valkey-go/sentinel.go:395.4,397.24 3 1
github.com/valkey-io/valkey-go/sentinel.go:399.3,399.17 1 1
github.com/valkey-io/valkey-go/sentinel.go:399.17,402.65 1 1
github.com/valkey-io/valkey-go/sentinel.go:402.65,403.40 1 1
github.com/valkey-io/valkey-go/sentinel.go:403.40,405.6 1 1
github.com/valkey-io/valkey-go/sentinel.go:408.5,408.50 1 1
github.com/valkey-io/valkey-go/sentinel.go:408.50,409.11 1 1
github.com/valkey-io/valkey-go/sentinel.go:412.4,412.19 1 1
github.com/valkey-io/valkey-go/sentinel.go:414.3,415.41 2 1
github.com/valkey-io/valkey-go/sentinel.go:415.41,416.9 1 1
github.com/valkey-io/valkey-go/sentinel.go:419.2,421.16 2 1
github.com/valkey-io/valkey-go/sentinel.go:421.16,422.46 1 1
github.com/valkey-io/valkey-go/sentinel.go:422.46,424.4 1 1
github.com/valkey-io/valkey-go/sentinel.go:424.9,426.4 1 1
github.com/valkey-io/valkey-go/sentinel.go:428.2,428.12 1 1
github.com/valkey-io/valkey-go/sentinel.go:432.92,438.15 5 1
github.com/valkey-io/valkey-go/sentinel.go:438.15,439.17 1 1
github.com/valkey-io/valkey-go/sentinel.go:439.17,443.4 3 1
github.com/valkey-io/valkey-go/sentinel.go:447.2,449.19 2 1
github.com/valkey-io/valkey-go/sentinel.go:449.19,450.79 1 1
github.com/valkey-io/valkey-go/sentinel.go:450.79,451.25 1 1
github.com/valkey-io/valkey-go/sentinel.go:452.21,454.48 2 1
github.com/valkey-io/valkey-go/sentinel.go:455.26,457.42 2 1
github.com/valkey-io/valkey-go/sentinel.go:457.42,459.6 1 1
github.com/valkey-io/valkey-go/sentinel.go:460.19,462.62 2 1
github.com/valkey-io/valkey-go/sentinel.go:462.62,464.6 1 1
github.com/valkey-io/valkey-go/sentinel.go:464.11,464.81 1 1
github.com/valkey-io/valkey-go/sentinel.go:464.81,466.6 1 1
github.com/valkey-io/valkey-go/sentinel.go:469.38,471.74 2 1
github.com/valkey-io/valkey-go/sentinel.go:471.74,474.6 1 1
github.com/valkey-io/valkey-go/sentinel.go:476.53,478.4 1 1
github.com/valkey-io/valkey-go/sentinel.go:481.2,482.15 2 1
github.com/valkey-io/valkey-go/sentinel.go:482.15,484.3 1 1
github.com/valkey-io/valkey-go/sentinel.go:484.8,486.3 1 1
github.com/valkey-io/valkey-go/sentinel.go:488.2,491.16 4 1
github.com/valkey-io/valkey-go/sentinel.go:491.16,493.3 1 1
github.com/valkey-io/valkey-go/sentinel.go:494.2,494.31 1 1
github.com/valkey-io/valkey-go/sentinel.go:494.31,495.45 1 1
github.com/valkey-io/valkey-go/sentinel.go:495.45,497.4 1 1
github.com/valkey-io/valkey-go/sentinel.go:501.2,501.15 1 1
github.com/valkey-io/valkey-go/sentinel.go:501.15,503.17 2 1
github.com/valkey-io/valkey-go/sentinel.go:503.17,505.4 1 1
github.com/valkey-io/valkey-go/sentinel.go:507.3,507.30 1 1
github.com/valkey-io/valkey-go/sentinel.go:511.2,512.16 2 1
github.com/valkey-io/valkey-go/sentinel.go:512.16,514.3 1 1
github.com/valkey-io/valkey-go/sentinel.go:515.2,515.53 1 1
github.com/valkey-io/valkey-go/sentinel.go:518.55,520.16 2 1
github.com/valkey-io/valkey-go/sentinel.go:520.16,522.3 1 1
github.com/valkey-io/valkey-go/sentinel.go:524.2,526.26 2 1
github.com/valkey-io/valkey-go/sentinel.go:526.26,528.17 2 1
github.com/valkey-io/valkey-go/sentinel.go:528.17,529.12 1 1
github.com/valkey-io/valkey-go/sentinel.go:531.3,531.43 1 1
github.com/valkey-io/valkey-go/sentinel.go:531.43,533.4 1 1
github.com/valkey-io/valkey-go/sentinel.go:536.2,536.24 1 1
github.com/valkey-io/valkey-go/sentinel.go:536.24,538.3 1 1
github.com/valkey-io/valkey-go/sentinel.go:541.2,542.50 2 1
github.com/valkey-io/valkey-go/sentinel.go:545.54,554.2 8 1
github.com/valkey-io/valkey-go/singleflight.go:16.63,20.15 4 1
github.com/valkey-io/valkey-go/singleflight.go:20.15,22.40 2 1
github.com/valkey-io/valkey-go/singleflight.go:22.40,23.11 1 1
github.com/valkey-io/valkey-go/singleflight.go:24.14,24.14 0 1
github.com/valkey-io/valkey-go/singleflight.go:25.17,26.21 1 1
github.com/valkey-io/valkey-go/singleflight.go:28.9,30.4 1 1
github.com/valkey-io/valkey-go/singleflight.go:31.3,31.13 1 1
github.com/valkey-io/valkey-go/singleflight.go:33.2,36.21 4 1
github.com/valkey-io/valkey-go/singleflight.go:39.65,42.15 3 1
github.com/valkey-io/valkey-go/singleflight.go:42.15,45.3 2 1
github.com/valkey-io/valkey-go/singleflight.go:46.2,51.59 6 1
github.com/valkey-io/valkey-go/singleflight.go:51.59,54.3 2 1
github.com/valkey-io/valkey-go/singleflight.go:57.66,66.2 8 1
github.com/valkey-io/valkey-go/singleflight.go:68.34,72.2 3 1
github.com/valkey-io/valkey-go/standalone.go:11.103,12.31 1 1
github.com/valkey-io/valkey-go/standalone.go:12.31,14.3 1 1
github.com/valkey-io/valkey-go/standalone.go:15.2,16.33 2 1
github.com/valkey-io/valkey-go/standalone.go:16.33,18.3 1 1
github.com/valkey-io/valkey-go/standalone.go:19.2,25.28 3 1
github.com/valkey-io/valkey-go/standalone.go:25.28,27.44 2 1
github.com/valkey-io/valkey-go/standalone.go:27.44,29.27 2 1
github.com/valkey-io/valkey-go/standalone.go:29.27,31.5 1 1
github.com/valkey-io/valkey-go/standalone.go:32.4,32.19 1 1
github.com/valkey-io/valkey-go/standalone.go:34.3,34.138 1 1
github.com/valkey-io/valkey-go/standalone.go:36.2,36.15 1 1
github.com/valkey-io/valkey-go/standalone.go:45.34,47.2 1 1
github.com/valkey-io/valkey-go/standalone.go:49.33,50.26 1 1
github.com/valkey-io/valkey-go/standalone.go:50.26,52.3 1 1
github.com/valkey-io/valkey-go/standalone.go:53.2,53.35 1 1
github.com/valkey-io/valkey-go/standalone.go:56.81,57.23 1 1
github.com/valkey-io/valkey-go/standalone.go:57.23,59.3 1 1
github.com/valkey-io/valkey-go/standalone.go:60.2,60.31 1 1
github.com/valkey-io/valkey-go/standalone.go:63.93,65.28 2 1
github.com/valkey-io/valkey-go/standalone.go:65.28,66.25 1 1
github.com/valkey-io/valkey-go/standalone.go:66.25,68.9 2 1
github.com/valkey-io/valkey-go/standalone.go:71.2,71.15 1 1
github.com/valkey-io/valkey-go/standalone.go:71.15,73.3 1 1
github.com/valkey-io/valkey-go/standalone.go:74.2,74.41 1 1
github.com/valkey-io/valkey-go/standalone.go:77.106,78.29 1 1
github.com/valkey-io/valkey-go/standalone.go:78.29,80.3 1 1
github.com/valkey-io/valkey-go/standalone.go:81.2,81.46 1 1
github.com/valkey-io/valkey-go/standalone.go:84.30,86.37 2 1
github.com/valkey-io/valkey-go/standalone.go:86.37,88.3 1 1
github.com/valkey-io/valkey-go/standalone.go:91.105,93.2 1 1
github.com/valkey-io/valkey-go/standalone.go:95.101,97.2 1 1
github.com/valkey-io/valkey-go/standalone.go:99.86,100.23 1 1
github.com/valkey-io/valkey-go/standalone.go:100.23,102.3 1 1
github.com/valkey-io/valkey-go/standalone.go:103.2,103.37 1 1
github.com/valkey-io/valkey-go/standalone.go:106.101,108.28 2 1
github.com/valkey-io/valkey-go/standalone.go:108.28,109.25 1 1
github.com/valkey-io/valkey-go/standalone.go:109.25,111.9 2 1
github.com/valkey-io/valkey-go/standalone.go:114.2,114.15 1 1
github.com/valkey-io/valkey-go/standalone.go:114.15,116.3 1 1
github.com/valkey-io/valkey-go/standalone.go:117.2,117.47 1 1
github.com/valkey-io/valkey-go/standalone.go:120.76,122.2 1 1
github.com/valkey-io/valkey-go/standalone.go:124.73,126.2 1 1
github.com/valkey-io/valkey-go/standalone.go:128.48,130.46 2 1
github.com/valkey-io/valkey-go/standalone.go:130.46,132.3 1 1
github.com/valkey-io/valkey-go/standalone.go:133.2,133.37 1 1
github.com/valkey-io/valkey-go/standalone.go:133.37,134.45 1 1
github.com/valkey-io/valkey-go/standalone.go:134.45,136.4 1 1
github.com/valkey-io/valkey-go/standalone.go:138.2,138.14 1 1
github.com/valkey-io/valkey-go/standalone.go:141.40,143.2 1 1
github.com/valkey-io/valkey-go/syncp.go:10.60,12.3 1 1
github.com/valkey-io/valkey-go/syncp.go:13.56,15.3 1 1
github.com/valkey-io/valkey-go/syncp.go:16.50,21.3 1 1
github.com/valkey-io/valkey-go/syncp.go:22.66,24.3 1 1
github.com/valkey-io/valkey-go/syncp.go:25.60,30.3 1 1
github.com/valkey-io/valkey-go/syncp.go:31.60,36.3 1 1
github.com/valkey-io/valkey-go/syncp.go:37.66,39.3 1 1
github.com/valkey-io/valkey-go/syncp.go:40.56,42.3 1 1
github.com/valkey-io/valkey-go/syncp.go:43.58,45.3 1 1
github.com/valkey-io/valkey-go/syncp.go:46.58,48.3 1 1
github.com/valkey-io/valkey-go/syncp.go:49.68,51.3 1 1
github.com/valkey-io/valkey-go/syncp.go:58.35,60.2 1 1
github.com/valkey-io/valkey-go/syncp.go:62.36,65.2 2 1
github.com/valkey-io/valkey-go/syncp.go:67.41,69.28 2 1
github.com/valkey-io/valkey-go/syncp.go:69.28,70.16 1 1
github.com/valkey-io/valkey-go/syncp.go:70.16,71.27 1 1
github.com/valkey-io/valkey-go/syncp.go:71.27,73.5 1 1
github.com/valkey-io/valkey-go/syncp.go:76.2,76.13 1 1
github.com/valkey-io/valkey-go/syncp.go:83.40,85.2 1 1
github.com/valkey-io/valkey-go/syncp.go:87.41,90.2 2 1
github.com/valkey-io/valkey-go/syncp.go:97.39,99.2 1 1
github.com/valkey-io/valkey-go/syncp.go:101.40,103.2 1 1
github.com/valkey-io/valkey-go/syncp.go:105.62,107.2 1 1
github.com/valkey-io/valkey-go/syncp.go:113.40,115.2 1 1
github.com/valkey-io/valkey-go/syncp.go:117.41,120.2 2 1
github.com/valkey-io/valkey-go/syncp.go:126.35,128.2 1 1
github.com/valkey-io/valkey-go/syncp.go:130.36,133.2 2 1
github.com/valkey-io/valkey-go/syncp.go:142.32,144.2 1 1
github.com/valkey-io/valkey-go/syncp.go:146.33,155.2 8 1
github.com/valkey-io/valkey-go/syncp.go:164.37,166.2 1 1
github.com/valkey-io/valkey-go/syncp.go:168.38,177.2 8 1
github.com/valkey-io/valkey-go/syncp.go:184.37,186.2 1 1
github.com/valkey-io/valkey-go/syncp.go:188.38,193.2 4 1
github.com/valkey-io/valkey-go/syncp.go:200.40,202.2 1 1
github.com/valkey-io/valkey-go/syncp.go:204.41,206.2 1 1
github.com/valkey-io/valkey-go/syncp.go:213.36,215.2 1 1
github.com/valkey-io/valkey-go/syncp.go:217.37,219.2 1 1
github.com/valkey-io/valkey-go/syncp.go:228.36,230.2 1 1
github.com/valkey-io/valkey-go/syncp.go:232.37,236.2 3 1
github.com/valkey-io/valkey-go/syncp.go:245.41,247.2 1 1
github.com/valkey-io/valkey-go/syncp.go:249.42,253.2 3 1
github.com/valkey-io/valkey-go/url.go:21.57,23.16 2 1
github.com/valkey-io/valkey-go/url.go:23.16,25.3 1 1
github.com/valkey-io/valkey-go/url.go:26.2,26.64 1 1
github.com/valkey-io/valkey-go/url.go:26.64,28.17 2 1
github.com/valkey-io/valkey-go/url.go:28.17,30.4 1 1
github.com/valkey-io/valkey-go/url.go:31.3,31.17 1 1
github.com/valkey-io/valkey-go/url.go:31.17,33.4 1 1
github.com/valkey-io/valkey-go/url.go:34.3,34.17 1 1
github.com/valkey-io/valkey-go/url.go:34.17,36.4 1 1
github.com/valkey-io/valkey-go/url.go:37.3,37.44 1 1
github.com/valkey-io/valkey-go/url.go:39.2,39.18 1 1
github.com/valkey-io/valkey-go/url.go:40.14,41.122 1 1
github.com/valkey-io/valkey-go/url.go:41.122,43.4 1 1
github.com/valkey-io/valkey-go/url.go:44.3,44.56 1 1
github.com/valkey-io/valkey-go/url.go:45.27,48.4 1 1
github.com/valkey-io/valkey-go/url.go:49.25,49.25 0 1
github.com/valkey-io/valkey-go/url.go:50.10,51.69 1 1
github.com/valkey-io/valkey-go/url.go:53.2,53.28 1 1
github.com/valkey-io/valkey-go/url.go:53.28,56.27 3 1
github.com/valkey-io/valkey-go/url.go:56.27,58.4 1 1
github.com/valkey-io/valkey-go/url.go:60.2,60.19 1 1
github.com/valkey-io/valkey-go/url.go:60.19,63.3 2 1
github.com/valkey-io/valkey-go/url.go:64.2,64.24 1 1
github.com/valkey-io/valkey-go/url.go:64.24,65.53 1 1
github.com/valkey-io/valkey-go/url.go:65.53,66.59 1 1
github.com/valkey-io/valkey-go/url.go:66.59,68.5 1 1
github.com/valkey-io/valkey-go/url.go:69.9,69.25 1 1
github.com/valkey-io/valkey-go/url.go:69.25,71.4 1 1
github.com/valkey-io/valkey-go/url.go:73.2,74.17 2 1
github.com/valkey-io/valkey-go/url.go:74.17,75.64 1 1
github.com/valkey-io/valkey-go/url.go:75.64,77.4 1 1
github.com/valkey-io/valkey-go/url.go:79.2,79.27 1 1
github.com/valkey-io/valkey-go/url.go:79.27,80.86 1 1
github.com/valkey-io/valkey-go/url.go:80.86,82.4 1 1
github.com/valkey-io/valkey-go/url.go:84.2,84.28 1 1
github.com/valkey-io/valkey-go/url.go:84.28,85.87 1 1
github.com/valkey-io/valkey-go/url.go:85.87,87.4 1 1
github.com/valkey-io/valkey-go/url.go:89.2,89.33 1 1
github.com/valkey-io/valkey-go/url.go:89.33,92.3 2 1
github.com/valkey-io/valkey-go/url.go:93.2,93.50 1 1
github.com/valkey-io/valkey-go/url.go:93.50,95.28 2 1
github.com/valkey-io/valkey-go/url.go:95.28,97.4 1 1
github.com/valkey-io/valkey-go/url.go:97.9,99.18 2 1
github.com/valkey-io/valkey-go/url.go:99.18,101.5 1 1
github.com/valkey-io/valkey-go/url.go:102.4,102.49 1 1
github.com/valkey-io/valkey-go/url.go:105.2,110.8 6 1
github.com/valkey-io/valkey-go/url.go:113.44,115.16 2 1
github.com/valkey-io/valkey-go/url.go:115.16,116.13 1 1
github.com/valkey-io/valkey-go/url.go:118.2,118.12 1 1
github.com/valkey-io/valkey-go/valkey.go:389.56,391.2 1 1
github.com/valkey-io/valkey-go/valkey.go:413.64,414.36 1 1
github.com/valkey-io/valkey-go/valkey.go:414.36,416.3 1 1
github.com/valkey-io/valkey-go/valkey.go:417.2,417.37 1 1
github.com/valkey-io/valkey-go/valkey.go:417.37,419.3 1 1
github.com/valkey-io/valkey-go/valkey.go:420.2,420.35 1 1
github.com/valkey-io/valkey-go/valkey.go:420.35,422.3 1 1
github.com/valkey-io/valkey-go/valkey.go:423.2,423.32 1 1
github.com/valkey-io/valkey-go/valkey.go:423.32,425.3 1 1
github.com/valkey-io/valkey-go/valkey.go:426.2,426.34 1 1
github.com/valkey-io/valkey-go/valkey.go:426.34,428.3 1 1
github.com/valkey-io/valkey-go/valkey.go:429.2,429.34 1 1
github.com/valkey-io/valkey-go/valkey.go:429.34,431.3 1 1
github.com/valkey-io/valkey-go/valkey.go:432.2,432.34 1 1
github.com/valkey-io/valkey-go/valkey.go:432.34,434.3 1 1
github.com/valkey-io/valkey-go/valkey.go:435.2,435.34 1 1
github.com/valkey-io/valkey-go/valkey.go:435.34,437.3 1 1
github.com/valkey-io/valkey-go/valkey.go:438.2,438.24 1 1
github.com/valkey-io/valkey-go/valkey.go:438.24,439.56 1 1
github.com/valkey-io/valkey-go/valkey.go:439.56,441.4 1 1
github.com/valkey-io/valkey-go/valkey.go:443.2,443.53 1 1
github.com/valkey-io/valkey-go/valkey.go:443.53,445.3 1 1
github.com/valkey-io/valkey-go/valkey.go:446.2,446.30 1 1
github.com/valkey-io/valkey-go/valkey.go:446.30,448.3 1 1
github.com/valkey-io/valkey-go/valkey.go:449.2,449.37 1 1
github.com/valkey-io/valkey-go/valkey.go:449.37,452.3 2 1
github.com/valkey-io/valkey-go/valkey.go:453.2,453.47 1 1
github.com/valkey-io/valkey-go/valkey.go:453.47,454.35 1 1
github.com/valkey-io/valkey-go/valkey.go:454.35,456.4 1 1
github.com/valkey-io/valkey-go/valkey.go:457.3,458.79 2 1
github.com/valkey-io/valkey-go/valkey.go:460.2,460.30 1 1
github.com/valkey-io/valkey-go/valkey.go:460.30,463.3 2 1
github.com/valkey-io/valkey-go/valkey.go:464.2,464.98 1 1
github.com/valkey-io/valkey-go/valkey.go:464.98,465.38 1 1
github.com/valkey-io/valkey-go/valkey.go:465.38,467.4 1 1
github.com/valkey-io/valkey-go/valkey.go:468.3,468.144 1 1
github.com/valkey-io/valkey-go/valkey.go:468.144,471.4 2 1
github.com/valkey-io/valkey-go/valkey.go:471.9,474.4 2 1
github.com/valkey-io/valkey-go/valkey.go:476.2,476.20 1 1
github.com/valkey-io/valkey-go/valkey.go:479.47,480.20 1 1
github.com/valkey-io/valkey-go/valkey.go:480.20,481.81 1 1
github.com/valkey-io/valkey-go/valkey.go:481.81,483.4 1 1
github.com/valkey-io/valkey-go/valkey.go:485.2,485.19 1 1
github.com/valkey-io/valkey-go/valkey.go:485.19,487.3 1 1
github.com/valkey-io/valkey-go/valkey.go:488.2,488.18 1 1
github.com/valkey-io/valkey-go/valkey.go:491.51,493.2 1 1
github.com/valkey-io/valkey-go/valkey.go:495.90,496.26 1 1
github.com/valkey-io/valkey-go/valkey.go:496.26,498.3 1 1
github.com/valkey-io/valkey-go/valkey.go:499.2,499.23 1 1
github.com/valkey-io/valkey-go/valkey.go:499.23,501.3 1 1
github.com/valkey-io/valkey-go/valkey.go:502.2,502.26 1 1
github.com/valkey-io/valkey-go/valkey.go:502.26,505.3 2 1
github.com/valkey-io/valkey-go/valkey.go:505.8,507.3 1 1
github.com/valkey-io/valkey-go/valkey.go:508.2,508.18 1 1
